2025.09.04 19:20:48 INFO  Started: Metals version 1.6.2 in folders 'C:\Users\vince\Desktop\POSTECH\cs434\Functional Programming Principles in Scala\assignments\recfun' for client Visual Studio Code 1.103.2.
2025.09.04 19:20:48 INFO  no build target found for C:\Users\vince\Desktop\POSTECH\cs434\Functional Programming Principles in Scala\assignments\recfun\build.sbt. Using presentation compiler with project's scala-library version: 3.3.6
sept. 04, 2025 7:20:52 PM org.eclipse.lsp4j.jsonrpc.RemoteEndpoint handleCancellation
WARNING: Unmatched cancel notification for request id 9
sept. 04, 2025 7:20:52 PM org.eclipse.lsp4j.jsonrpc.RemoteEndpoint handleCancellation
WARNING: Unmatched cancel notification for request id 2
2025.09.04 19:20:52 INFO  no build target found for C:\Users\vince\Desktop\POSTECH\cs434\Functional Programming Principles in Scala\assignments\recfun\build.sbt. Using presentation compiler with project's scala-library version: 3.3.6
2025.09.04 19:20:52 INFO  no build target found for C:\Users\vince\Desktop\POSTECH\cs434\Functional Programming Principles in Scala\assignments\recfun\src\main\scala\recfun\Main.scala. Using presentation compiler with project's scala-library version: 3.3.6
2025.09.04 19:20:52 INFO  no build target found for C:\Users\vince\Desktop\POSTECH\cs434\Functional Programming Principles in Scala\assignments\recfun\build.sbt. Using presentation compiler with project's scala-library version: 3.3.6
Exception in thread "pool-5-thread-1" java.lang.InterruptedException
	at scala.meta.internal.metals.FutureCancelToken.checkCanceled(FutureCancelToken.scala:29)
	at scala.meta.internal.pc.CompilerAccess.onCompilerJobQueue$$anonfun$1(CompilerAccess.scala:244)
	at scala.meta.internal.pc.CompilerJobQueue$Job.run(CompilerJobQueue.scala:153)
	at java.base/java.util.concurrent.ThreadPoolExecutor.runWorker(ThreadPoolExecutor.java:1144)
	at java.base/java.util.concurrent.ThreadPoolExecutor$Worker.run(ThreadPoolExecutor.java:642)
	at java.base/java.lang.Thread.run(Thread.java:1583)
2025.09.04 19:20:52 WARN  Unsupported sbt version 0.13.13
2025.09.04 19:20:52 WARN  Build server is not auto-connectable.
2025.09.04 19:20:52 INFO  no build target found for C:\Users\vince\Desktop\POSTECH\cs434\Functional Programming Principles in Scala\assignments\recfun\src\main\scala\recfun\Main.scala. Using presentation compiler with project's scala-library version: 3.3.6
2025.09.04 19:20:52 WARN  no build target for: C:\Users\vince\Desktop\POSTECH\cs434\Functional Programming Principles in Scala\assignments\recfun\build.sbt
2025.09.04 19:20:52 WARN  no build target for: C:\Users\vince\Desktop\POSTECH\cs434\Functional Programming Principles in Scala\assignments\recfun\src\main\scala\recfun\Main.scala
2025.09.04 19:20:52 INFO  no build target found for C:\Users\vince\Desktop\POSTECH\cs434\Functional Programming Principles in Scala\assignments\recfun\src\main\scala\recfun\Main.scala. Using presentation compiler with project's scala-library version: 3.3.6
2025.09.04 19:20:52 INFO  no build target found for C:\Users\vince\Desktop\POSTECH\cs434\Functional Programming Principles in Scala\assignments\recfun\src\main\scala\recfun\Main.scala. Using presentation compiler with project's scala-library version: 3.3.6
sept. 04, 2025 7:20:52 PM org.eclipse.lsp4j.jsonrpc.RemoteEndpoint handleCancellation
WARNING: Unmatched cancel notification for request id 11
2025.09.04 19:20:52 INFO  no build target found for C:\Users\vince\Desktop\POSTECH\cs434\Functional Programming Principles in Scala\assignments\recfun\src\main\scala\recfun\Main.scala. Using presentation compiler with project's scala-library version: 3.3.6
2025.09.04 19:20:52 INFO  no build target found for C:\Users\vince\Desktop\POSTECH\cs434\Functional Programming Principles in Scala\assignments\recfun\src\main\scala\recfun\Main.scala. Using presentation compiler with project's scala-library version: 3.3.6
2025.09.04 19:20:52 INFO  no build target found for C:\Users\vince\Desktop\POSTECH\cs434\Functional Programming Principles in Scala\assignments\recfun\src\main\scala\recfun\Main.scala. Using presentation compiler with project's scala-library version: 3.3.6
2025.09.04 19:20:52 INFO  no build target found for C:\Users\vince\Desktop\POSTECH\cs434\Functional Programming Principles in Scala\assignments\recfun\src\main\scala\recfun\Main.scala. Using presentation compiler with project's scala-library version: 3.3.6
2025.09.04 19:20:52 INFO  no build target found for C:\Users\vince\Desktop\POSTECH\cs434\Functional Programming Principles in Scala\assignments\recfun\src\main\scala\recfun\Main.scala. Using presentation compiler with project's scala-library version: 3.3.6
2025.09.04 19:20:53 INFO  no build target found for C:\Users\vince\Desktop\POSTECH\cs434\Functional Programming Principles in Scala\assignments\recfun\src\main\scala\recfun\Main.scala. Using presentation compiler with project's scala-library version: 3.3.6
2025.09.04 19:20:54 WARN  Unsupported sbt version 0.13.13
2025.09.04 19:20:53 WARN  Build server is not auto-connectable.
2025.09.04 19:20:55 WARN  Unsupported sbt version 0.13.13
2025.09.04 19:20:55 WARN  Build server is not auto-connectable.
2025.09.04 19:20:56 INFO  no build target found for C:\Users\vince\Desktop\POSTECH\cs434\Functional Programming Principles in Scala\assignments\recfun\build.sbt. Using presentation compiler with project's scala-library version: 3.3.6
2025.09.04 19:20:56 INFO  time: code lens generation in 3.5s
2025.09.04 19:20:56 INFO  time: code lens generation in 4.19s
2025.09.04 19:20:59 INFO  no build target found for C:\Users\vince\Desktop\POSTECH\cs434\Functional Programming Principles in Scala\assignments\recfun\src\main\scala\recfun\Main.scala. Using presentation compiler with project's scala-library version: 3.3.6
sept. 04, 2025 7:21:38 PM org.eclipse.lsp4j.jsonrpc.services.GenericEndpoint notify
INFO: Unsupported notification method: $/setTrace
sept. 04, 2025 7:21:39 PM org.eclipse.lsp4j.jsonrpc.services.GenericEndpoint notify
INFO: Unsupported notification method: $/setTrace
sept. 04, 2025 7:21:54 PM org.eclipse.lsp4j.jsonrpc.services.GenericEndpoint notify
INFO: Unsupported notification method: $/setTrace
sept. 04, 2025 7:21:55 PM org.eclipse.lsp4j.jsonrpc.services.GenericEndpoint notify
INFO: Unsupported notification method: $/setTrace
2025.09.04 19:22:26 INFO  no build target found for C:\Users\vince\Desktop\POSTECH\cs434\Functional Programming Principles in Scala\assignments\recfun\src\main\scala\recfun\Main.scala. Using presentation compiler with project's scala-library version: 3.3.6
2025.09.04 19:22:28 INFO  no build target found for C:\Users\vince\Desktop\POSTECH\cs434\Functional Programming Principles in Scala\assignments\recfun\src\main\scala\recfun\Main.scala. Using presentation compiler with project's scala-library version: 3.3.6
2025.09.04 19:22:29 WARN  Unsupported sbt version 0.13.13
2025.09.04 19:22:29 WARN  Build server is not auto-connectable.
2025.09.04 19:22:29 WARN  Unsupported sbt version 0.13.13
2025.09.04 19:22:29 WARN  Build server is not auto-connectable.
2025.09.04 19:22:30 INFO  no build target found for C:\Users\vince\Desktop\POSTECH\cs434\Functional Programming Principles in Scala\assignments\recfun\src\main\scala\recfun\Main.scala. Using presentation compiler with project's scala-library version: 3.3.6
2025.09.04 19:22:30 WARN  Unsupported sbt version 0.13.13
2025.09.04 19:22:30 WARN  Build server is not auto-connectable.
2025.09.04 19:23:19 INFO  Attempting to connect to the build server...
2025.09.04 19:23:19 INFO  No build server found
2025.09.04 19:23:19 INFO  time: Connected to build server in 3ms
2025.09.04 19:23:19 WARN  no build target for: C:\Users\vince\Desktop\POSTECH\cs434\Functional Programming Principles in Scala\assignments\recfun\src\main\scala\recfun\Main.scala
2025.09.04 19:23:19 INFO  no build target found for C:\Users\vince\Desktop\POSTECH\cs434\Functional Programming Principles in Scala\assignments\recfun\src\main\scala\recfun\Main.scala. Using presentation compiler with project's scala-library version: 3.3.6
2025.09.04 19:23:19 INFO  Attempting to connect to the build server...
2025.09.04 19:23:19 INFO  No build server found
2025.09.04 19:23:19 INFO  time: Connected to build server in 3ms
2025.09.04 19:23:19 WARN  no build target for: C:\Users\vince\Desktop\POSTECH\cs434\Functional Programming Principles in Scala\assignments\recfun\src\main\scala\recfun\Main.scala
2025.09.04 19:23:19 INFO  no build target found for C:\Users\vince\Desktop\POSTECH\cs434\Functional Programming Principles in Scala\assignments\recfun\src\main\scala\recfun\Main.scala. Using presentation compiler with project's scala-library version: 3.3.6
2025.09.04 19:23:20 INFO  Attempting to connect to the build server...
2025.09.04 19:23:20 INFO  No build server found
2025.09.04 19:23:20 INFO  time: Connected to build server in 1ms
2025.09.04 19:23:20 WARN  no build target for: C:\Users\vince\Desktop\POSTECH\cs434\Functional Programming Principles in Scala\assignments\recfun\src\main\scala\recfun\Main.scala
2025.09.04 19:23:20 INFO  no build target found for C:\Users\vince\Desktop\POSTECH\cs434\Functional Programming Principles in Scala\assignments\recfun\src\main\scala\recfun\Main.scala. Using presentation compiler with project's scala-library version: 3.3.6
2025.09.04 19:24:17 WARN  no build target for: C:\Users\vince\Desktop\POSTECH\cs434\Functional Programming Principles in Scala\assignments\recfun\build.sbt
2025.09.04 19:24:17 INFO  no build target found for C:\Users\vince\Desktop\POSTECH\cs434\Functional Programming Principles in Scala\assignments\recfun\build.sbt. Using presentation compiler with project's scala-library version: 3.3.6
2025.09.04 19:24:18 INFO  no build target found for C:\Users\vince\Desktop\POSTECH\cs434\Functional Programming Principles in Scala\assignments\recfun\build.sbt. Using presentation compiler with project's scala-library version: 3.3.6
2025.09.04 19:24:18 INFO  no build target found for C:\Users\vince\Desktop\POSTECH\cs434\Functional Programming Principles in Scala\assignments\recfun\src\main\scala\recfun\Main.scala. Using presentation compiler with project's scala-library version: 3.3.6
2025.09.04 19:24:17 INFO  no build target found for C:\Users\vince\Desktop\POSTECH\cs434\Functional Programming Principles in Scala\assignments\recfun\build.sbt. Using presentation compiler with project's scala-library version: 3.3.6
2025.09.04 19:24:20 INFO  no build target found for C:\Users\vince\Desktop\POSTECH\cs434\Functional Programming Principles in Scala\assignments\recfun\build.sbt. Using presentation compiler with project's scala-library version: 3.3.6
2025.09.04 19:24:20 WARN  no build target for: C:\Users\vince\Desktop\POSTECH\cs434\Functional Programming Principles in Scala\assignments\recfun\build.sbt
2025.09.04 19:24:20 INFO  no build target found for C:\Users\vince\Desktop\POSTECH\cs434\Functional Programming Principles in Scala\assignments\recfun\build.sbt. Using presentation compiler with project's scala-library version: 3.3.6
2025.09.04 19:24:20 INFO  no build target found for C:\Users\vince\Desktop\POSTECH\cs434\Functional Programming Principles in Scala\assignments\recfun\build.sbt. Using presentation compiler with project's scala-library version: 3.3.6
2025.09.04 19:24:20 INFO  no build target found for C:\Users\vince\Desktop\POSTECH\cs434\Functional Programming Principles in Scala\assignments\recfun\src\main\scala\recfun\Main.scala. Using presentation compiler with project's scala-library version: 3.3.6
2025.09.04 19:24:20 INFO  no build target found for C:\Users\vince\Desktop\POSTECH\cs434\Functional Programming Principles in Scala\assignments\recfun\build.sbt. Using presentation compiler with project's scala-library version: 3.3.6
2025.09.04 19:24:20 WARN  Could not find semantic tokens for: file:///C:/Users/vince/Desktop/POSTECH/cs434/Functional%20Programming%20Principles%20in%20Scala/assignments/recfun/build.sbt
2025.09.04 19:24:22 INFO  no build target found for C:\Users\vince\Desktop\POSTECH\cs434\Functional Programming Principles in Scala\assignments\recfun\build.sbt. Using presentation compiler with project's scala-library version: 3.3.6
2025.09.04 19:24:26 INFO  no build target found for C:\Users\vince\Desktop\POSTECH\cs434\Functional Programming Principles in Scala\assignments\recfun\build.sbt. Using presentation compiler with project's scala-library version: 3.3.6
2025.09.04 19:25:01 INFO  no build target found for C:\Users\vince\Desktop\POSTECH\cs434\Functional Programming Principles in Scala\assignments\recfun\build.sbt. Using presentation compiler with project's scala-library version: 3.3.6
2025.09.04 19:25:01 WARN  no build target for: C:\Users\vince\Desktop\POSTECH\cs434\Functional Programming Principles in Scala\assignments\recfun\build.sbt
2025.09.04 19:25:01 INFO  no build target found for C:\Users\vince\Desktop\POSTECH\cs434\Functional Programming Principles in Scala\assignments\recfun\build.sbt. Using presentation compiler with project's scala-library version: 3.3.6
2025.09.04 19:25:01 INFO  no build target found for C:\Users\vince\Desktop\POSTECH\cs434\Functional Programming Principles in Scala\assignments\recfun\build.sbt. Using presentation compiler with project's scala-library version: 3.3.6
2025.09.04 19:25:01 INFO  no build target found for C:\Users\vince\Desktop\POSTECH\cs434\Functional Programming Principles in Scala\assignments\recfun\src\main\scala\recfun\Main.scala. Using presentation compiler with project's scala-library version: 3.3.6
2025.09.04 19:25:01 INFO  no build target found for C:\Users\vince\Desktop\POSTECH\cs434\Functional Programming Principles in Scala\assignments\recfun\build.sbt. Using presentation compiler with project's scala-library version: 3.3.6
2025.09.04 19:25:01 WARN  Could not find semantic tokens for: file:///C:/Users/vince/Desktop/POSTECH/cs434/Functional%20Programming%20Principles%20in%20Scala/assignments/recfun/build.sbt
2025.09.04 19:25:02 INFO  no build target found for C:\Users\vince\Desktop\POSTECH\cs434\Functional Programming Principles in Scala\assignments\recfun\build.sbt. Using presentation compiler with project's scala-library version: 3.3.6
2025.09.04 19:25:04 INFO  no build target found for C:\Users\vince\Desktop\POSTECH\cs434\Functional Programming Principles in Scala\assignments\recfun\build.sbt. Using presentation compiler with project's scala-library version: 3.3.6
2025.09.04 19:25:06 INFO  no build target found for C:\Users\vince\Desktop\POSTECH\cs434\Functional Programming Principles in Scala\assignments\recfun\build.sbt. Using presentation compiler with project's scala-library version: 3.3.6
2025.09.04 19:25:06 INFO  no build target found for C:\Users\vince\Desktop\POSTECH\cs434\Functional Programming Principles in Scala\assignments\recfun\build.sbt. Using presentation compiler with project's scala-library version: 3.3.6
2025.09.04 19:25:11 INFO  no build target found for C:\Users\vince\Desktop\POSTECH\cs434\Functional Programming Principles in Scala\assignments\recfun\build.sbt. Using presentation compiler with project's scala-library version: 3.3.6
2025.09.04 19:25:14 INFO  no build target found for C:\Users\vince\Desktop\POSTECH\cs434\Functional Programming Principles in Scala\assignments\recfun\build.sbt. Using presentation compiler with project's scala-library version: 3.3.6
2025.09.04 19:25:18 INFO  no build target found for C:\Users\vince\Desktop\POSTECH\cs434\Functional Programming Principles in Scala\assignments\recfun\build.sbt. Using presentation compiler with project's scala-library version: 3.3.6
2025.09.04 19:25:25 INFO  no build target found for C:\Users\vince\Desktop\POSTECH\cs434\Functional Programming Principles in Scala\assignments\recfun\build.sbt. Using presentation compiler with project's scala-library version: 3.3.6
2025.09.04 19:25:28 INFO  no build target found for C:\Users\vince\Desktop\POSTECH\cs434\Functional Programming Principles in Scala\assignments\recfun\src\main\scala\recfun\Main.scala. Using presentation compiler with project's scala-library version: 3.3.6
2025.09.04 19:25:28 INFO  no build target found for C:\Users\vince\Desktop\POSTECH\cs434\Functional Programming Principles in Scala\assignments\recfun\src\main\scala\recfun\Main.scala. Using presentation compiler with project's scala-library version: 3.3.6
2025.09.04 19:25:34 INFO  no build target found for C:\Users\vince\Desktop\POSTECH\cs434\Functional Programming Principles in Scala\assignments\recfun\src\main\scala\recfun\Main.scala. Using presentation compiler with project's scala-library version: 3.3.6
2025.09.04 19:25:34 INFO  no build target found for C:\Users\vince\Desktop\POSTECH\cs434\Functional Programming Principles in Scala\assignments\recfun\src\main\scala\recfun\Main.scala. Using presentation compiler with project's scala-library version: 3.3.6
2025.09.04 19:27:00 INFO  no build target found for C:\Users\vince\Desktop\POSTECH\cs434\Functional Programming Principles in Scala\assignments\recfun\build.sbt. Using presentation compiler with project's scala-library version: 3.3.6
2025.09.04 19:27:00 WARN  no build target for: C:\Users\vince\Desktop\POSTECH\cs434\Functional Programming Principles in Scala\assignments\recfun\build.sbt
2025.09.04 19:27:00 INFO  no build target found for C:\Users\vince\Desktop\POSTECH\cs434\Functional Programming Principles in Scala\assignments\recfun\build.sbt. Using presentation compiler with project's scala-library version: 3.3.6
2025.09.04 19:27:00 INFO  no build target found for C:\Users\vince\Desktop\POSTECH\cs434\Functional Programming Principles in Scala\assignments\recfun\build.sbt. Using presentation compiler with project's scala-library version: 3.3.6
2025.09.04 19:27:00 INFO  no build target found for C:\Users\vince\Desktop\POSTECH\cs434\Functional Programming Principles in Scala\assignments\recfun\src\main\scala\recfun\Main.scala. Using presentation compiler with project's scala-library version: 3.3.6
2025.09.04 19:27:00 INFO  no build target found for C:\Users\vince\Desktop\POSTECH\cs434\Functional Programming Principles in Scala\assignments\recfun\build.sbt. Using presentation compiler with project's scala-library version: 3.3.6
2025.09.04 19:27:00 INFO  no build target found for C:\Users\vince\Desktop\POSTECH\cs434\Functional Programming Principles in Scala\assignments\recfun\build.sbt. Using presentation compiler with project's scala-library version: 3.3.6
2025.09.04 19:27:00 WARN  Could not find semantic tokens for: file:///C:/Users/vince/Desktop/POSTECH/cs434/Functional%20Programming%20Principles%20in%20Scala/assignments/recfun/build.sbt
2025.09.04 19:27:00 INFO  no build target found for C:\Users\vince\Desktop\POSTECH\cs434\Functional Programming Principles in Scala\assignments\recfun\build.sbt. Using presentation compiler with project's scala-library version: 3.3.6
2025.09.04 19:27:59 INFO  running 'C:\Program Files\Java\jdk-21\bin\java.exe -Djline.terminal=jline.UnsupportedTerminal -Dsbt.log.noformat=true -Dfile.encoding=UTF-8 -jar C:\Users\vince\AppData\Local\Temp\metals2382747217894553441\sbt-launch.jar -Dbloop.export-jar-classifiers=sources bloopInstall'
2025.09.04 19:28:01 INFO  [info] welcome to sbt 1.11.5 (Oracle Corporation Java 21.0.7)
2025.09.04 19:28:02 INFO  [info] loading global plugins from C:\Users\vince\.sbt\1.0\plugins
2025.09.04 19:28:04 INFO  [info] loading settings for project recfun-build-build-build-build from metals.sbt...
2025.09.04 19:28:04 INFO  [info] loading project definition from C:\Users\vince\Desktop\POSTECH\cs434\Functional Programming Principles in Scala\assignments\recfun\project\project\project\project
2025.09.04 19:28:08 INFO  [info] loading settings for project recfun-build-build-build from metals.sbt...
2025.09.04 19:28:08 INFO  [info] loading project definition from C:\Users\vince\Desktop\POSTECH\cs434\Functional Programming Principles in Scala\assignments\recfun\project\project\project
2025.09.04 19:28:12 INFO  [success] Generated .bloop\recfun-build-build-build.json
2025.09.04 19:28:12 INFO  [success] Total time: 4 s, completed 4 sept. 2025, 19:28:12
2025.09.04 19:28:12 INFO  [info] loading settings for project recfun-build-build from buildPlugins.sbt, metals.sbt...
2025.09.04 19:28:12 INFO  [info] loading project definition from C:\Users\vince\Desktop\POSTECH\cs434\Functional Programming Principles in Scala\assignments\recfun\project\project
2025.09.04 19:28:14 INFO  [success] Generated .bloop\recfun-build-build.json
2025.09.04 19:28:14 INFO  [success] Total time: 1 s, completed 4 sept. 2025, 19:28:14
2025.09.04 19:28:16 INFO  [info] loading settings for project recfun-build from buildSettings.sbt, metals.sbt...
2025.09.04 19:28:16 INFO  [info] loading project definition from C:\Users\vince\Desktop\POSTECH\cs434\Functional Programming Principles in Scala\assignments\recfun\project
2025.09.04 19:28:16 INFO  [error] insecure HTTP request is unsupported 'http://repo.spray.io'; switch to HTTPS or opt-in as ("Spray Repository" at "http://repo.spray.io").withAllowInsecureProtocol(true), or by using allowInsecureProtocol in repositories file
2025.09.04 19:28:16 INFO  [error] insecure HTTP request is unsupported 'http://repo.spray.io'; switch to HTTPS or opt-in as ("Spray Repository" at "http://repo.spray.io").withAllowInsecureProtocol(true), or by using allowInsecureProtocol in repositories file
2025.09.04 19:28:16 INFO  [error] insecure HTTP request is unsupported 'http://repo.spray.io'; switch to HTTPS or opt-in as ("Spray Repository" at "http://repo.spray.io").withAllowInsecureProtocol(true), or by using allowInsecureProtocol in repositories file
2025.09.04 19:28:16 INFO  [error] Couldn't run bloopGenerate. The issue could be caused by failing to compile the project.
2025.09.04 19:28:16 INFO  [error] java.lang.RuntimeException: insecure protocol is unsupported
2025.09.04 19:28:16 INFO  [error] 	at scala.sys.package$.error(package.scala:30)
2025.09.04 19:28:16 INFO  [error] 	at sbt.Classpaths$.errorInsecureProtocol(Defaults.scala:3599)
2025.09.04 19:28:16 INFO  [error] 	at sbt.Classpaths$.$anonfun$mkIvyConfiguration$1(Defaults.scala:4219)
2025.09.04 19:28:16 INFO  [error] 	at scala.Function1.$anonfun$compose$1(Function1.scala:49)
2025.09.04 19:28:16 INFO  [error] 	at sbt.internal.util.$tilde$greater.$anonfun$$u2219$1(TypeFunctions.scala:63)
2025.09.04 19:28:16 INFO  [error] 	at sbt.std.Transform$$anon$4.work(Transform.scala:69)
2025.09.04 19:28:16 INFO  [error] 	at sbt.Execute.$anonfun$submit$2(Execute.scala:283)
2025.09.04 19:28:16 INFO  [error] 	at sbt.internal.util.ErrorHandling$.wideConvert(ErrorHandling.scala:24)
2025.09.04 19:28:16 INFO  [error] 	at sbt.Execute.work(Execute.scala:292)
2025.09.04 19:28:16 INFO  [error] 	at sbt.Execute.$anonfun$submit$1(Execute.scala:283)
2025.09.04 19:28:16 INFO  [error] 	at sbt.ConcurrentRestrictions$$anon$4.$anonfun$submitValid$1(ConcurrentRestrictions.scala:265)
2025.09.04 19:28:16 INFO  [error] 	at sbt.CompletionService$$anon$2.call(CompletionService.scala:65)
2025.09.04 19:28:16 INFO  [error] 	at java.base/java.util.concurrent.FutureTask.run(FutureTask.java:317)
2025.09.04 19:28:16 INFO  [error] 	at java.base/java.util.concurrent.Executors$RunnableAdapter.call(Executors.java:572)
2025.09.04 19:28:16 INFO  [error] 	at java.base/java.util.concurrent.FutureTask.run(FutureTask.java:317)
2025.09.04 19:28:16 INFO  [error] 	at java.base/java.util.concurrent.ThreadPoolExecutor.runWorker(ThreadPoolExecutor.java:1144)
2025.09.04 19:28:16 INFO  [error] 	at java.base/java.util.concurrent.ThreadPoolExecutor$Worker.run(ThreadPoolExecutor.java:642)
2025.09.04 19:28:16 INFO  [error] 	at java.base/java.lang.Thread.run(Thread.java:1583)
2025.09.04 19:28:16 INFO  [error] java.lang.RuntimeException: insecure protocol is unsupported
2025.09.04 19:28:16 INFO  [error] 	at scala.sys.package$.error(package.scala:30)
2025.09.04 19:28:16 INFO  [error] 	at sbt.Classpaths$.errorInsecureProtocol(Defaults.scala:3599)
2025.09.04 19:28:16 INFO  [error] 	at sbt.coursierint.LMCoursier$.coursierConfiguration(LMCoursier.scala:281)
2025.09.04 19:28:16 INFO  [error] 	at sbt.coursierint.LMCoursier$.$anonfun$coursierConfigurationTask$1(LMCoursier.scala:340)
2025.09.04 19:28:16 INFO  [error] 	at scala.Function1.$anonfun$compose$1(Function1.scala:49)
2025.09.04 19:28:16 INFO  [error] 	at sbt.internal.util.$tilde$greater.$anonfun$$u2219$1(TypeFunctions.scala:63)
2025.09.04 19:28:16 INFO  [error] 	at sbt.std.Transform$$anon$4.work(Transform.scala:69)
2025.09.04 19:28:16 INFO  [error] 	at sbt.Execute.$anonfun$submit$2(Execute.scala:283)
2025.09.04 19:28:16 INFO  [error] 	at sbt.internal.util.ErrorHandling$.wideConvert(ErrorHandling.scala:24)
2025.09.04 19:28:16 INFO  [error] 	at sbt.Execute.work(Execute.scala:292)
2025.09.04 19:28:16 INFO  [error] 	at sbt.Execute.$anonfun$submit$1(Execute.scala:283)
2025.09.04 19:28:16 INFO  [error] 	at sbt.ConcurrentRestrictions$$anon$4.$anonfun$submitValid$1(ConcurrentRestrictions.scala:265)
2025.09.04 19:28:16 INFO  [error] 	at sbt.CompletionService$$anon$2.call(CompletionService.scala:65)
2025.09.04 19:28:16 INFO  [error] 	at java.base/java.util.concurrent.FutureTask.run(FutureTask.java:317)
2025.09.04 19:28:16 INFO  [error] 	at java.base/java.util.concurrent.Executors$RunnableAdapter.call(Executors.java:572)
2025.09.04 19:28:16 INFO  [error] 	at java.base/java.util.concurrent.FutureTask.run(FutureTask.java:317)
2025.09.04 19:28:16 INFO  [error] 	at java.base/java.util.concurrent.ThreadPoolExecutor.runWorker(ThreadPoolExecutor.java:1144)
2025.09.04 19:28:16 INFO  [error] 	at java.base/java.util.concurrent.ThreadPoolExecutor$Worker.run(ThreadPoolExecutor.java:642)
2025.09.04 19:28:16 INFO  [error] 	at java.base/java.lang.Thread.run(Thread.java:1583)
2025.09.04 19:28:16 INFO  [error] java.lang.RuntimeException: insecure protocol is unsupported
2025.09.04 19:28:16 INFO  [error] 	at scala.sys.package$.error(package.scala:30)
2025.09.04 19:28:16 INFO  [error] 	at sbt.Classpaths$.errorInsecureProtocol(Defaults.scala:3599)
2025.09.04 19:28:16 INFO  [error] 	at sbt.coursierint.LMCoursier$.coursierConfiguration(LMCoursier.scala:281)
2025.09.04 19:28:16 INFO  [error] 	at sbt.coursierint.LMCoursier$.$anonfun$updateClassifierConfigurationTask$1(LMCoursier.scala:370)
2025.09.04 19:28:16 INFO  [error] 	at scala.Function1.$anonfun$compose$1(Function1.scala:49)
2025.09.04 19:28:16 INFO  [error] 	at sbt.internal.util.$tilde$greater.$anonfun$$u2219$1(TypeFunctions.scala:63)
2025.09.04 19:28:16 INFO  [error] 	at sbt.std.Transform$$anon$4.work(Transform.scala:69)
2025.09.04 19:28:16 INFO  [error] 	at sbt.Execute.$anonfun$submit$2(Execute.scala:283)
2025.09.04 19:28:16 INFO  [error] 	at sbt.internal.util.ErrorHandling$.wideConvert(ErrorHandling.scala:24)
2025.09.04 19:28:16 INFO  [error] 	at sbt.Execute.work(Execute.scala:292)
2025.09.04 19:28:16 INFO  [error] 	at sbt.Execute.$anonfun$submit$1(Execute.scala:283)
2025.09.04 19:28:16 INFO  [error] 	at sbt.ConcurrentRestrictions$$anon$4.$anonfun$submitValid$1(ConcurrentRestrictions.scala:265)
2025.09.04 19:28:16 INFO  [error] 	at sbt.CompletionService$$anon$2.call(CompletionService.scala:65)
2025.09.04 19:28:16 INFO  [error] 	at java.base/java.util.concurrent.FutureTask.run(FutureTask.java:317)
2025.09.04 19:28:16 INFO  [error] 	at java.base/java.util.concurrent.Executors$RunnableAdapter.call(Executors.java:572)
2025.09.04 19:28:16 INFO  [error] 	at java.base/java.util.concurrent.FutureTask.run(FutureTask.java:317)
2025.09.04 19:28:16 INFO  [error] 	at java.base/java.util.concurrent.ThreadPoolExecutor.runWorker(ThreadPoolExecutor.java:1144)
2025.09.04 19:28:16 INFO  [error] 	at java.base/java.util.concurrent.ThreadPoolExecutor$Worker.run(ThreadPoolExecutor.java:642)
2025.09.04 19:28:16 INFO  [error] 	at java.base/java.lang.Thread.run(Thread.java:1583)
2025.09.04 19:28:16 INFO  [error] (ivyConfiguration) insecure protocol is unsupported
2025.09.04 19:28:16 INFO  [error] (csrConfiguration) insecure protocol is unsupported
2025.09.04 19:28:16 INFO  [error] (updateClassifiers / csrConfiguration) insecure protocol is unsupported
2025.09.04 19:28:16 INFO  [error] Total time: 0 s, completed 4 sept. 2025, 19:28:16
2025.09.04 19:28:16 INFO  [warn] Project loading failed: (r)etry, (q)uit, (l)ast, or (i)gnore? (default: r)
2025.09.04 19:28:16 INFO  [error] insecure HTTP request is unsupported 'http://repo.spray.io'; switch to HTTPS or opt-in as ("Spray Repository" at "http://repo.spray.io").withAllowInsecureProtocol(true), or by using allowInsecureProtocol in repositories file
2025.09.04 19:28:16 INFO  [error] insecure HTTP request is unsupported 'http://repo.spray.io'; switch to HTTPS or opt-in as ("Spray Repository" at "http://repo.spray.io").withAllowInsecureProtocol(true), or by using allowInsecureProtocol in repositories file
2025.09.04 19:28:16 INFO  [error] insecure HTTP request is unsupported 'http://repo.spray.io'; switch to HTTPS or opt-in as ("Spray Repository" at "http://repo.spray.io").withAllowInsecureProtocol(true), or by using allowInsecureProtocol in repositories file
2025.09.04 19:28:16 INFO  [error] java.lang.RuntimeException: insecure protocol is unsupported
2025.09.04 19:28:16 INFO  [error] 	at scala.sys.package$.error(package.scala:30)
2025.09.04 19:28:16 INFO  [error] 	at sbt.Classpaths$.errorInsecureProtocol(Defaults.scala:3599)
2025.09.04 19:28:16 INFO  [error] 	at sbt.Classpaths$.$anonfun$mkIvyConfiguration$1(Defaults.scala:4219)
2025.09.04 19:28:16 INFO  [error] 	at scala.Function1.$anonfun$compose$1(Function1.scala:49)
2025.09.04 19:28:16 INFO  [error] 	at sbt.internal.util.$tilde$greater.$anonfun$$u2219$1(TypeFunctions.scala:63)
2025.09.04 19:28:16 INFO  [error] 	at sbt.std.Transform$$anon$4.work(Transform.scala:69)
2025.09.04 19:28:16 INFO  [error] 	at sbt.Execute.$anonfun$submit$2(Execute.scala:283)
2025.09.04 19:28:16 INFO  [error] 	at sbt.internal.util.ErrorHandling$.wideConvert(ErrorHandling.scala:24)
2025.09.04 19:28:16 INFO  [error] 	at sbt.Execute.work(Execute.scala:292)
2025.09.04 19:28:16 INFO  [error] 	at sbt.Execute.$anonfun$submit$1(Execute.scala:283)
2025.09.04 19:28:16 INFO  [error] 	at sbt.ConcurrentRestrictions$$anon$4.$anonfun$submitValid$1(ConcurrentRestrictions.scala:265)
2025.09.04 19:28:16 INFO  [error] 	at sbt.CompletionService$$anon$2.call(CompletionService.scala:65)
2025.09.04 19:28:16 INFO  [error] 	at java.base/java.util.concurrent.FutureTask.run(FutureTask.java:317)
2025.09.04 19:28:16 INFO  [error] 	at java.base/java.util.concurrent.Executors$RunnableAdapter.call(Executors.java:572)
2025.09.04 19:28:16 INFO  [error] 	at java.base/java.util.concurrent.FutureTask.run(FutureTask.java:317)
2025.09.04 19:28:16 INFO  [error] 	at java.base/java.util.concurrent.ThreadPoolExecutor.runWorker(ThreadPoolExecutor.java:1144)
2025.09.04 19:28:16 INFO  [error] 	at java.base/java.util.concurrent.ThreadPoolExecutor$Worker.run(ThreadPoolExecutor.java:642)
2025.09.04 19:28:16 INFO  [error] 	at java.base/java.lang.Thread.run(Thread.java:1583)
2025.09.04 19:28:16 INFO  [error] java.lang.RuntimeException: insecure protocol is unsupported
2025.09.04 19:28:16 INFO  [error] 	at scala.sys.package$.error(package.scala:30)
2025.09.04 19:28:16 INFO  [error] 	at sbt.Classpaths$.errorInsecureProtocol(Defaults.scala:3599)
2025.09.04 19:28:16 INFO  [error] 	at sbt.coursierint.LMCoursier$.coursierConfiguration(LMCoursier.scala:281)
2025.09.04 19:28:16 INFO  [error] 	at sbt.coursierint.LMCoursier$.$anonfun$coursierConfigurationTask$1(LMCoursier.scala:340)
2025.09.04 19:28:16 INFO  [error] 	at scala.Function1.$anonfun$compose$1(Function1.scala:49)
2025.09.04 19:28:16 INFO  [error] 	at sbt.internal.util.$tilde$greater.$anonfun$$u2219$1(TypeFunctions.scala:63)
2025.09.04 19:28:16 INFO  [error] 	at sbt.std.Transform$$anon$4.work(Transform.scala:69)
2025.09.04 19:28:16 INFO  [error] 	at sbt.Execute.$anonfun$submit$2(Execute.scala:283)
2025.09.04 19:28:16 INFO  [error] 	at sbt.internal.util.ErrorHandling$.wideConvert(ErrorHandling.scala:24)
2025.09.04 19:28:16 INFO  [error] 	at sbt.Execute.work(Execute.scala:292)
2025.09.04 19:28:16 INFO  [error] 	at sbt.Execute.$anonfun$submit$1(Execute.scala:283)
2025.09.04 19:28:16 INFO  [error] 	at sbt.ConcurrentRestrictions$$anon$4.$anonfun$submitValid$1(ConcurrentRestrictions.scala:265)
2025.09.04 19:28:16 INFO  [error] 	at sbt.CompletionService$$anon$2.call(CompletionService.scala:65)
2025.09.04 19:28:16 INFO  [error] 	at java.base/java.util.concurrent.FutureTask.run(FutureTask.java:317)
2025.09.04 19:28:16 INFO  [error] 	at java.base/java.util.concurrent.Executors$RunnableAdapter.call(Executors.java:572)
2025.09.04 19:28:16 INFO  [error] 	at java.base/java.util.concurrent.FutureTask.run(FutureTask.java:317)
2025.09.04 19:28:16 INFO  [error] 	at java.base/java.util.concurrent.ThreadPoolExecutor.runWorker(ThreadPoolExecutor.java:1144)
2025.09.04 19:28:16 INFO  [error] 	at java.base/java.util.concurrent.ThreadPoolExecutor$Worker.run(ThreadPoolExecutor.java:642)
2025.09.04 19:28:16 INFO  [error] 	at java.base/java.lang.Thread.run(Thread.java:1583)
2025.09.04 19:28:16 INFO  [error] java.lang.RuntimeException: insecure protocol is unsupported
2025.09.04 19:28:16 INFO  [error] 	at scala.sys.package$.error(package.scala:30)
2025.09.04 19:28:16 INFO  [error] 	at sbt.Classpaths$.errorInsecureProtocol(Defaults.scala:3599)
2025.09.04 19:28:16 INFO  [error] 	at sbt.coursierint.LMCoursier$.coursierConfiguration(LMCoursier.scala:281)
2025.09.04 19:28:16 INFO  [error] 	at sbt.coursierint.LMCoursier$.$anonfun$scalaCompilerBridgeConfigurationTask$1(LMCoursier.scala:430)
2025.09.04 19:28:16 INFO  [error] 	at scala.Function1.$anonfun$compose$1(Function1.scala:49)
2025.09.04 19:28:16 INFO  [error] 	at sbt.internal.util.$tilde$greater.$anonfun$$u2219$1(TypeFunctions.scala:63)
2025.09.04 19:28:16 INFO  [error] 	at sbt.std.Transform$$anon$4.work(Transform.scala:69)
2025.09.04 19:28:16 INFO  [error] 	at sbt.Execute.$anonfun$submit$2(Execute.scala:283)
2025.09.04 19:28:16 INFO  [error] 	at sbt.internal.util.ErrorHandling$.wideConvert(ErrorHandling.scala:24)
2025.09.04 19:28:16 INFO  [error] 	at sbt.Execute.work(Execute.scala:292)
2025.09.04 19:28:16 INFO  [error] 	at sbt.Execute.$anonfun$submit$1(Execute.scala:283)
2025.09.04 19:28:16 INFO  [error] 	at sbt.ConcurrentRestrictions$$anon$4.$anonfun$submitValid$1(ConcurrentRestrictions.scala:265)
2025.09.04 19:28:16 INFO  [error] 	at sbt.CompletionService$$anon$2.call(CompletionService.scala:65)
2025.09.04 19:28:16 INFO  [error] 	at java.base/java.util.concurrent.FutureTask.run(FutureTask.java:317)
2025.09.04 19:28:16 INFO  [error] 	at java.base/java.util.concurrent.Executors$RunnableAdapter.call(Executors.java:572)
2025.09.04 19:28:16 INFO  [error] 	at java.base/java.util.concurrent.FutureTask.run(FutureTask.java:317)
2025.09.04 19:28:16 INFO  [error] 	at java.base/java.util.concurrent.ThreadPoolExecutor.runWorker(ThreadPoolExecutor.java:1144)
2025.09.04 19:28:16 INFO  [error] 	at java.base/java.util.concurrent.ThreadPoolExecutor$Worker.run(ThreadPoolExecutor.java:642)
2025.09.04 19:28:16 INFO  [error] 	at java.base/java.lang.Thread.run(Thread.java:1583)
2025.09.04 19:28:16 INFO  [error] (ivyConfiguration) insecure protocol is unsupported
2025.09.04 19:28:16 INFO  [error] (csrConfiguration) insecure protocol is unsupported
2025.09.04 19:28:16 INFO  [error] (scalaCompilerBridgeScope / csrConfiguration) insecure protocol is unsupported
2025.09.04 19:28:16 INFO  [warn] Project loading failed: (r)etry, (q)uit, (l)ast, or (i)gnore? (default: r)
2025.09.04 19:28:16 INFO  time: ran 'sbt bloopInstall' in 17s
2025.09.04 19:28:16 ERROR sbt command failed: C:\Program Files\Java\jdk-21\bin\java.exe -Djline.terminal=jline.UnsupportedTerminal -Dsbt.log.noformat=true -Dfile.encoding=UTF-8 -jar C:\Users\vince\AppData\Local\Temp\metals2382747217894553441\sbt-launch.jar -Dbloop.export-jar-classifiers=sources bloopInstall
2025.09.04 19:28:16 INFO  running 'C:\Program Files\Java\jdk-21\bin\java.exe -Djline.terminal=jline.UnsupportedTerminal -Dsbt.log.noformat=true -Dfile.encoding=UTF-8 -jar C:\Users\vince\AppData\Local\Temp\metals10996863129562482724\sbt-launch.jar -Dbloop.export-jar-classifiers=sources bloopInstall'
2025.09.04 19:28:18 INFO  [info] welcome to sbt 1.11.5 (Oracle Corporation Java 21.0.7)
2025.09.04 19:28:19 INFO  no build target found for C:\Users\vince\Desktop\POSTECH\cs434\Functional Programming Principles in Scala\assignments\recfun\build.sbt. Using presentation compiler with project's scala-library version: 3.3.6
2025.09.04 19:28:19 INFO  no build target found for C:\Users\vince\Desktop\POSTECH\cs434\Functional Programming Principles in Scala\assignments\recfun\project\metals.sbt. Using presentation compiler with project's scala-library version: 3.3.6
2025.09.04 19:28:19 WARN  no build target for: C:\Users\vince\Desktop\POSTECH\cs434\Functional Programming Principles in Scala\assignments\recfun\project\metals.sbt
2025.09.04 19:28:19 INFO  no build target found for C:\Users\vince\Desktop\POSTECH\cs434\Functional Programming Principles in Scala\assignments\recfun\project\metals.sbt. Using presentation compiler with project's scala-library version: 3.3.6
2025.09.04 19:28:19 INFO  no build target found for C:\Users\vince\Desktop\POSTECH\cs434\Functional Programming Principles in Scala\assignments\recfun\project\metals.sbt. Using presentation compiler with project's scala-library version: 3.3.6
2025.09.04 19:28:19 INFO  no build target found for C:\Users\vince\Desktop\POSTECH\cs434\Functional Programming Principles in Scala\assignments\recfun\src\main\scala\recfun\Main.scala. Using presentation compiler with project's scala-library version: 3.3.6
2025.09.04 19:28:19 WARN  Could not find semantic tokens for: file:///C:/Users/vince/Desktop/POSTECH/cs434/Functional%20Programming%20Principles%20in%20Scala/assignments/recfun/project/metals.sbt
2025.09.04 19:28:19 INFO  no build target found for C:\Users\vince\Desktop\POSTECH\cs434\Functional Programming Principles in Scala\assignments\recfun\project\metals.sbt. Using presentation compiler with project's scala-library version: 3.3.6
2025.09.04 19:28:19 INFO  [info] loading global plugins from C:\Users\vince\.sbt\1.0\plugins
2025.09.04 19:28:19 WARN  Could not find semantic tokens for: file:///C:/Users/vince/Desktop/POSTECH/cs434/Functional%20Programming%20Principles%20in%20Scala/assignments/recfun/project/metals.sbt
2025.09.04 19:28:19 INFO  no build target found for C:\Users\vince\Desktop\POSTECH\cs434\Functional Programming Principles in Scala\assignments\recfun\project\metals.sbt. Using presentation compiler with project's scala-library version: 3.3.6
2025.09.04 19:28:21 INFO  [info] loading settings for project recfun-build-build-build-build from metals.sbt...
2025.09.04 19:28:21 INFO  [info] loading project definition from C:\Users\vince\Desktop\POSTECH\cs434\Functional Programming Principles in Scala\assignments\recfun\project\project\project\project
2025.09.04 19:28:21 INFO  [info] loading settings for project recfun-build-build-build from metals.sbt...
2025.09.04 19:28:21 INFO  [info] loading project definition from C:\Users\vince\Desktop\POSTECH\cs434\Functional Programming Principles in Scala\assignments\recfun\project\project\project
2025.09.04 19:28:23 INFO  [success] Generated .bloop\recfun-build-build-build.json
2025.09.04 19:28:23 INFO  [success] Total time: 2 s, completed 4 sept. 2025, 19:28:23
2025.09.04 19:28:23 INFO  [info] loading settings for project recfun-build-build from buildPlugins.sbt, metals.sbt...
2025.09.04 19:28:23 INFO  [info] loading project definition from C:\Users\vince\Desktop\POSTECH\cs434\Functional Programming Principles in Scala\assignments\recfun\project\project
2025.09.04 19:28:23 INFO  [success] Generated .bloop\recfun-build-build.json
2025.09.04 19:28:24 INFO  [success] Total time: 1 s, completed 4 sept. 2025, 19:28:24
2025.09.04 19:28:24 INFO  [info] loading settings for project recfun-build from buildSettings.sbt, metals.sbt...
2025.09.04 19:28:24 INFO  [info] loading project definition from C:\Users\vince\Desktop\POSTECH\cs434\Functional Programming Principles in Scala\assignments\recfun\project
2025.09.04 19:28:24 INFO  [error] insecure HTTP request is unsupported 'http://repo.spray.io'; switch to HTTPS or opt-in as ("Spray Repository" at "http://repo.spray.io").withAllowInsecureProtocol(true), or by using allowInsecureProtocol in repositories file
2025.09.04 19:28:24 INFO  [error] insecure HTTP request is unsupported 'http://repo.spray.io'; switch to HTTPS or opt-in as ("Spray Repository" at "http://repo.spray.io").withAllowInsecureProtocol(true), or by using allowInsecureProtocol in repositories file
2025.09.04 19:28:24 INFO  [error] insecure HTTP request is unsupported 'http://repo.spray.io'; switch to HTTPS or opt-in as ("Spray Repository" at "http://repo.spray.io").withAllowInsecureProtocol(true), or by using allowInsecureProtocol in repositories file
2025.09.04 19:28:25 INFO  no build target found for C:\Users\vince\Desktop\POSTECH\cs434\Functional Programming Principles in Scala\assignments\recfun\project\metals.sbt. Using presentation compiler with project's scala-library version: 3.3.6
2025.09.04 19:28:25 INFO  no build target found for C:\Users\vince\Desktop\POSTECH\cs434\Functional Programming Principles in Scala\assignments\recfun\project\Settings.scala. Using presentation compiler with project's scala-library version: 3.3.6
2025.09.04 19:28:25 WARN  no build target for: C:\Users\vince\Desktop\POSTECH\cs434\Functional Programming Principles in Scala\assignments\recfun\project\Settings.scala
2025.09.04 19:28:25 INFO  no build target found for C:\Users\vince\Desktop\POSTECH\cs434\Functional Programming Principles in Scala\assignments\recfun\project\Settings.scala. Using presentation compiler with project's scala-library version: 3.3.6
2025.09.04 19:28:25 INFO  no build target found for C:\Users\vince\Desktop\POSTECH\cs434\Functional Programming Principles in Scala\assignments\recfun\project\Settings.scala. Using presentation compiler with project's scala-library version: 3.3.6
2025.09.04 19:28:25 INFO  no build target found for C:\Users\vince\Desktop\POSTECH\cs434\Functional Programming Principles in Scala\assignments\recfun\src\main\scala\recfun\Main.scala. Using presentation compiler with project's scala-library version: 3.3.6
2025.09.04 19:28:24 INFO  [error] Couldn't run bloopGenerate. The issue could be caused by failing to compile the project.
2025.09.04 19:28:24 INFO  [error] java.lang.RuntimeException: insecure protocol is unsupported
2025.09.04 19:28:24 INFO  [error] 	at scala.sys.package$.error(package.scala:30)
2025.09.04 19:28:24 INFO  [error] 	at sbt.Classpaths$.errorInsecureProtocol(Defaults.scala:3599)
2025.09.04 19:28:24 INFO  [error] 	at sbt.Classpaths$.$anonfun$mkIvyConfiguration$1(Defaults.scala:4219)
2025.09.04 19:28:24 INFO  [error] 	at scala.Function1.$anonfun$compose$1(Function1.scala:49)
2025.09.04 19:28:24 INFO  [error] 	at sbt.internal.util.$tilde$greater.$anonfun$$u2219$1(TypeFunctions.scala:63)
2025.09.04 19:28:24 INFO  [error] 	at sbt.std.Transform$$anon$4.work(Transform.scala:69)
2025.09.04 19:28:24 INFO  [error] 	at sbt.Execute.$anonfun$submit$2(Execute.scala:283)
2025.09.04 19:28:24 INFO  [error] 	at sbt.internal.util.ErrorHandling$.wideConvert(ErrorHandling.scala:24)
2025.09.04 19:28:24 INFO  [error] 	at sbt.Execute.work(Execute.scala:292)
2025.09.04 19:28:24 INFO  [error] 	at sbt.Execute.$anonfun$submit$1(Execute.scala:283)
2025.09.04 19:28:24 INFO  [error] 	at sbt.ConcurrentRestrictions$$anon$4.$anonfun$submitValid$1(ConcurrentRestrictions.scala:265)
2025.09.04 19:28:24 INFO  [error] 	at sbt.CompletionService$$anon$2.call(CompletionService.scala:65)
2025.09.04 19:28:24 INFO  [error] 	at java.base/java.util.concurrent.FutureTask.run(FutureTask.java:317)
2025.09.04 19:28:24 INFO  [error] 	at java.base/java.util.concurrent.Executors$RunnableAdapter.call(Executors.java:572)
2025.09.04 19:28:24 INFO  [error] 	at java.base/java.util.concurrent.FutureTask.run(FutureTask.java:317)
2025.09.04 19:28:24 INFO  [error] 	at java.base/java.util.concurrent.ThreadPoolExecutor.runWorker(ThreadPoolExecutor.java:1144)
2025.09.04 19:28:24 INFO  [error] 	at java.base/java.util.concurrent.ThreadPoolExecutor$Worker.run(ThreadPoolExecutor.java:642)
2025.09.04 19:28:24 INFO  [error] 	at java.base/java.lang.Thread.run(Thread.java:1583)
2025.09.04 19:28:24 INFO  [error] java.lang.RuntimeException: insecure protocol is unsupported
2025.09.04 19:28:24 INFO  [error] 	at scala.sys.package$.error(package.scala:30)
2025.09.04 19:28:24 INFO  [error] 	at sbt.Classpaths$.errorInsecureProtocol(Defaults.scala:3599)
2025.09.04 19:28:24 INFO  [error] 	at sbt.coursierint.LMCoursier$.coursierConfiguration(LMCoursier.scala:281)
2025.09.04 19:28:24 INFO  [error] 	at sbt.coursierint.LMCoursier$.$anonfun$coursierConfigurationTask$1(LMCoursier.scala:340)
2025.09.04 19:28:24 INFO  [error] 	at scala.Function1.$anonfun$compose$1(Function1.scala:49)
2025.09.04 19:28:24 INFO  [error] 	at sbt.internal.util.$tilde$greater.$anonfun$$u2219$1(TypeFunctions.scala:63)
2025.09.04 19:28:24 INFO  [error] 	at sbt.std.Transform$$anon$4.work(Transform.scala:69)
2025.09.04 19:28:24 INFO  [error] 	at sbt.Execute.$anonfun$submit$2(Execute.scala:283)
2025.09.04 19:28:24 INFO  [error] 	at sbt.internal.util.ErrorHandling$.wideConvert(ErrorHandling.scala:24)
2025.09.04 19:28:24 INFO  [error] 	at sbt.Execute.work(Execute.scala:292)
2025.09.04 19:28:24 INFO  [error] 	at sbt.Execute.$anonfun$submit$1(Execute.scala:283)
2025.09.04 19:28:24 INFO  [error] 	at sbt.ConcurrentRestrictions$$anon$4.$anonfun$submitValid$1(ConcurrentRestrictions.scala:265)
2025.09.04 19:28:24 INFO  [error] 	at sbt.CompletionService$$anon$2.call(CompletionService.scala:65)
2025.09.04 19:28:24 INFO  [error] 	at java.base/java.util.concurrent.FutureTask.run(FutureTask.java:317)
2025.09.04 19:28:24 INFO  [error] 	at java.base/java.util.concurrent.Executors$RunnableAdapter.call(Executors.java:572)
2025.09.04 19:28:24 INFO  [error] 	at java.base/java.util.concurrent.FutureTask.run(FutureTask.java:317)
2025.09.04 19:28:24 INFO  [error] 	at java.base/java.util.concurrent.ThreadPoolExecutor.runWorker(ThreadPoolExecutor.java:1144)
2025.09.04 19:28:24 INFO  [error] 	at java.base/java.util.concurrent.ThreadPoolExecutor$Worker.run(ThreadPoolExecutor.java:642)
2025.09.04 19:28:24 INFO  [error] 	at java.base/java.lang.Thread.run(Thread.java:1583)
2025.09.04 19:28:24 INFO  [error] java.lang.RuntimeException: insecure protocol is unsupported
2025.09.04 19:28:24 INFO  [error] 	at scala.sys.package$.error(package.scala:30)
2025.09.04 19:28:24 INFO  [error] 	at sbt.Classpaths$.errorInsecureProtocol(Defaults.scala:3599)
2025.09.04 19:28:24 INFO  [error] 	at sbt.coursierint.LMCoursier$.coursierConfiguration(LMCoursier.scala:281)
2025.09.04 19:28:24 INFO  [error] 	at sbt.coursierint.LMCoursier$.$anonfun$updateClassifierConfigurationTask$1(LMCoursier.scala:370)
2025.09.04 19:28:24 INFO  [error] 	at scala.Function1.$anonfun$compose$1(Function1.scala:49)
2025.09.04 19:28:24 INFO  [error] 	at sbt.internal.util.$tilde$greater.$anonfun$$u2219$1(TypeFunctions.scala:63)
2025.09.04 19:28:24 INFO  [error] 	at sbt.std.Transform$$anon$4.work(Transform.scala:69)
2025.09.04 19:28:24 INFO  [error] 	at sbt.Execute.$anonfun$submit$2(Execute.scala:283)
2025.09.04 19:28:24 INFO  [error] 	at sbt.internal.util.ErrorHandling$.wideConvert(ErrorHandling.scala:24)
2025.09.04 19:28:24 INFO  [error] 	at sbt.Execute.work(Execute.scala:292)
2025.09.04 19:28:24 INFO  [error] 	at sbt.Execute.$anonfun$submit$1(Execute.scala:283)
2025.09.04 19:28:24 INFO  [error] 	at sbt.ConcurrentRestrictions$$anon$4.$anonfun$submitValid$1(ConcurrentRestrictions.scala:265)
2025.09.04 19:28:24 INFO  [error] 	at sbt.CompletionService$$anon$2.call(CompletionService.scala:65)
2025.09.04 19:28:24 INFO  [error] 	at java.base/java.util.concurrent.FutureTask.run(FutureTask.java:317)
2025.09.04 19:28:24 INFO  [error] 	at java.base/java.util.concurrent.Executors$RunnableAdapter.call(Executors.java:572)
2025.09.04 19:28:24 INFO  [error] 	at java.base/java.util.concurrent.FutureTask.run(FutureTask.java:317)
2025.09.04 19:28:24 INFO  [error] 	at java.base/java.util.concurrent.ThreadPoolExecutor.runWorker(ThreadPoolExecutor.java:1144)
2025.09.04 19:28:24 INFO  [error] 	at java.base/java.util.concurrent.ThreadPoolExecutor$Worker.run(ThreadPoolExecutor.java:642)
2025.09.04 19:28:24 INFO  [error] 	at java.base/java.lang.Thread.run(Thread.java:1583)
2025.09.04 19:28:24 INFO  [error] (ivyConfiguration) insecure protocol is unsupported
2025.09.04 19:28:24 INFO  [error] (csrConfiguration) insecure protocol is unsupported
2025.09.04 19:28:24 INFO  [error] (updateClassifiers / csrConfiguration) insecure protocol is unsupported
2025.09.04 19:28:24 INFO  [error] Total time: 1 s, completed 4 sept. 2025, 19:28:25
2025.09.04 19:28:24 INFO  [warn] Project loading failed: (r)etry, (q)uit, (l)ast, or (i)gnore? (default: r)
2025.09.04 19:28:24 INFO  [error] insecure HTTP request is unsupported 'http://repo.spray.io'; switch to HTTPS or opt-in as ("Spray Repository" at "http://repo.spray.io").withAllowInsecureProtocol(true), or by using allowInsecureProtocol in repositories file
2025.09.04 19:28:24 INFO  [error] insecure HTTP request is unsupported 'http://repo.spray.io'; switch to HTTPS or opt-in as ("Spray Repository" at "http://repo.spray.io").withAllowInsecureProtocol(true), or by using allowInsecureProtocol in repositories file
2025.09.04 19:28:24 INFO  [error] insecure HTTP request is unsupported 'http://repo.spray.io'; switch to HTTPS or opt-in as ("Spray Repository" at "http://repo.spray.io").withAllowInsecureProtocol(true), or by using allowInsecureProtocol in repositories file
2025.09.04 19:28:24 INFO  [error] java.lang.RuntimeException: insecure protocol is unsupported
2025.09.04 19:28:24 INFO  [error] 	at scala.sys.package$.error(package.scala:30)
2025.09.04 19:28:24 INFO  [error] 	at sbt.Classpaths$.errorInsecureProtocol(Defaults.scala:3599)
2025.09.04 19:28:24 INFO  [error] 	at sbt.Classpaths$.$anonfun$mkIvyConfiguration$1(Defaults.scala:4219)
2025.09.04 19:28:24 INFO  [error] 	at scala.Function1.$anonfun$compose$1(Function1.scala:49)
2025.09.04 19:28:24 INFO  [error] 	at sbt.internal.util.$tilde$greater.$anonfun$$u2219$1(TypeFunctions.scala:63)
2025.09.04 19:28:24 INFO  [error] 	at sbt.std.Transform$$anon$4.work(Transform.scala:69)
2025.09.04 19:28:24 INFO  [error] 	at sbt.Execute.$anonfun$submit$2(Execute.scala:283)
2025.09.04 19:28:24 INFO  [error] 	at sbt.internal.util.ErrorHandling$.wideConvert(ErrorHandling.scala:24)
2025.09.04 19:28:24 INFO  [error] 	at sbt.Execute.work(Execute.scala:292)
2025.09.04 19:28:24 INFO  [error] 	at sbt.Execute.$anonfun$submit$1(Execute.scala:283)
2025.09.04 19:28:24 INFO  [error] 	at sbt.ConcurrentRestrictions$$anon$4.$anonfun$submitValid$1(ConcurrentRestrictions.scala:265)
2025.09.04 19:28:24 INFO  [error] 	at sbt.CompletionService$$anon$2.call(CompletionService.scala:65)
2025.09.04 19:28:24 INFO  [error] 	at java.base/java.util.concurrent.FutureTask.run(FutureTask.java:317)
2025.09.04 19:28:24 INFO  [error] 	at java.base/java.util.concurrent.Executors$RunnableAdapter.call(Executors.java:572)
2025.09.04 19:28:24 INFO  [error] 	at java.base/java.util.concurrent.FutureTask.run(FutureTask.java:317)
2025.09.04 19:28:24 INFO  [error] 	at java.base/java.util.concurrent.ThreadPoolExecutor.runWorker(ThreadPoolExecutor.java:1144)
2025.09.04 19:28:24 INFO  [error] 	at java.base/java.util.concurrent.ThreadPoolExecutor$Worker.run(ThreadPoolExecutor.java:642)
2025.09.04 19:28:24 INFO  [error] 	at java.base/java.lang.Thread.run(Thread.java:1583)
2025.09.04 19:28:24 INFO  [error] java.lang.RuntimeException: insecure protocol is unsupported
2025.09.04 19:28:24 INFO  [error] 	at scala.sys.package$.error(package.scala:30)
2025.09.04 19:28:24 INFO  [error] 	at sbt.Classpaths$.errorInsecureProtocol(Defaults.scala:3599)
2025.09.04 19:28:24 INFO  [error] 	at sbt.coursierint.LMCoursier$.coursierConfiguration(LMCoursier.scala:281)
2025.09.04 19:28:24 INFO  [error] 	at sbt.coursierint.LMCoursier$.$anonfun$coursierConfigurationTask$1(LMCoursier.scala:340)
2025.09.04 19:28:24 INFO  [error] 	at scala.Function1.$anonfun$compose$1(Function1.scala:49)
2025.09.04 19:28:24 INFO  [error] 	at sbt.internal.util.$tilde$greater.$anonfun$$u2219$1(TypeFunctions.scala:63)
2025.09.04 19:28:24 INFO  [error] 	at sbt.std.Transform$$anon$4.work(Transform.scala:69)
2025.09.04 19:28:24 INFO  [error] 	at sbt.Execute.$anonfun$submit$2(Execute.scala:283)
2025.09.04 19:28:24 INFO  [error] 	at sbt.internal.util.ErrorHandling$.wideConvert(ErrorHandling.scala:24)
2025.09.04 19:28:24 INFO  [error] 	at sbt.Execute.work(Execute.scala:292)
2025.09.04 19:28:24 INFO  [error] 	at sbt.Execute.$anonfun$submit$1(Execute.scala:283)
2025.09.04 19:28:24 INFO  [error] 	at sbt.ConcurrentRestrictions$$anon$4.$anonfun$submitValid$1(ConcurrentRestrictions.scala:265)
2025.09.04 19:28:24 INFO  [error] 	at sbt.CompletionService$$anon$2.call(CompletionService.scala:65)
2025.09.04 19:28:24 INFO  [error] 	at java.base/java.util.concurrent.FutureTask.run(FutureTask.java:317)
2025.09.04 19:28:24 INFO  [error] 	at java.base/java.util.concurrent.Executors$RunnableAdapter.call(Executors.java:572)
2025.09.04 19:28:24 INFO  [error] 	at java.base/java.util.concurrent.FutureTask.run(FutureTask.java:317)
2025.09.04 19:28:24 INFO  [error] 	at java.base/java.util.concurrent.ThreadPoolExecutor.runWorker(ThreadPoolExecutor.java:1144)
2025.09.04 19:28:24 INFO  [error] 	at java.base/java.util.concurrent.ThreadPoolExecutor$Worker.run(ThreadPoolExecutor.java:642)
2025.09.04 19:28:24 INFO  [error] 	at java.base/java.lang.Thread.run(Thread.java:1583)
2025.09.04 19:28:24 INFO  [error] java.lang.RuntimeException: insecure protocol is unsupported
2025.09.04 19:28:24 INFO  [error] 	at scala.sys.package$.error(package.scala:30)
2025.09.04 19:28:24 INFO  [error] 	at sbt.Classpaths$.errorInsecureProtocol(Defaults.scala:3599)
2025.09.04 19:28:24 INFO  [error] 	at sbt.coursierint.LMCoursier$.coursierConfiguration(LMCoursier.scala:281)
2025.09.04 19:28:24 INFO  [error] 	at sbt.coursierint.LMCoursier$.$anonfun$scalaCompilerBridgeConfigurationTask$1(LMCoursier.scala:430)
2025.09.04 19:28:24 INFO  [error] 	at scala.Function1.$anonfun$compose$1(Function1.scala:49)
2025.09.04 19:28:24 INFO  [error] 	at sbt.internal.util.$tilde$greater.$anonfun$$u2219$1(TypeFunctions.scala:63)
2025.09.04 19:28:24 INFO  [error] 	at sbt.std.Transform$$anon$4.work(Transform.scala:69)
2025.09.04 19:28:24 INFO  [error] 	at sbt.Execute.$anonfun$submit$2(Execute.scala:283)
2025.09.04 19:28:24 INFO  [error] 	at sbt.internal.util.ErrorHandling$.wideConvert(ErrorHandling.scala:24)
2025.09.04 19:28:24 INFO  [error] 	at sbt.Execute.work(Execute.scala:292)
2025.09.04 19:28:24 INFO  [error] 	at sbt.Execute.$anonfun$submit$1(Execute.scala:283)
2025.09.04 19:28:24 INFO  [error] 	at sbt.ConcurrentRestrictions$$anon$4.$anonfun$submitValid$1(ConcurrentRestrictions.scala:265)
2025.09.04 19:28:24 INFO  [error] 	at sbt.CompletionService$$anon$2.call(CompletionService.scala:65)
2025.09.04 19:28:24 INFO  [error] 	at java.base/java.util.concurrent.FutureTask.run(FutureTask.java:317)
2025.09.04 19:28:24 INFO  [error] 	at java.base/java.util.concurrent.Executors$RunnableAdapter.call(Executors.java:572)
2025.09.04 19:28:24 INFO  [error] 	at java.base/java.util.concurrent.FutureTask.run(FutureTask.java:317)
2025.09.04 19:28:24 INFO  [error] 	at java.base/java.util.concurrent.ThreadPoolExecutor.runWorker(ThreadPoolExecutor.java:1144)
2025.09.04 19:28:24 INFO  [error] 	at java.base/java.util.concurrent.ThreadPoolExecutor$Worker.run(ThreadPoolExecutor.java:642)
2025.09.04 19:28:24 INFO  [error] 	at java.base/java.lang.Thread.run(Thread.java:1583)
2025.09.04 19:28:24 INFO  [error] (ivyConfiguration) insecure protocol is unsupported
2025.09.04 19:28:24 INFO  [error] (csrConfiguration) insecure protocol is unsupported
2025.09.04 19:28:24 INFO  [error] (scalaCompilerBridgeScope / csrConfiguration) insecure protocol is unsupported
2025.09.04 19:28:24 INFO  [warn] Project loading failed: (r)etry, (q)uit, (l)ast, or (i)gnore? (default: r)
2025.09.04 19:28:25 INFO  no build target found for C:\Users\vince\Desktop\POSTECH\cs434\Functional Programming Principles in Scala\assignments\recfun\project\Settings.scala. Using presentation compiler with project's scala-library version: 3.3.6
2025.09.04 19:28:25 INFO  no build target found for C:\Users\vince\Desktop\POSTECH\cs434\Functional Programming Principles in Scala\assignments\recfun\project\Settings.scala. Using presentation compiler with project's scala-library version: 3.3.6
2025.09.04 19:28:25 INFO  time: ran 'sbt bloopInstall' in 8.72s
2025.09.04 19:28:25 ERROR sbt command failed: C:\Program Files\Java\jdk-21\bin\java.exe -Djline.terminal=jline.UnsupportedTerminal -Dsbt.log.noformat=true -Dfile.encoding=UTF-8 -jar C:\Users\vince\AppData\Local\Temp\metals10996863129562482724\sbt-launch.jar -Dbloop.export-jar-classifiers=sources bloopInstall
2025.09.04 19:28:32 INFO  no build target found for C:\Users\vince\Desktop\POSTECH\cs434\Functional Programming Principles in Scala\assignments\recfun\project\Settings.scala. Using presentation compiler with project's scala-library version: 3.3.6
2025.09.04 19:28:38 INFO  no build target found for C:\Users\vince\Desktop\POSTECH\cs434\Functional Programming Principles in Scala\assignments\recfun\project\Settings.scala. Using presentation compiler with project's scala-library version: 3.3.6
2025.09.04 19:28:38 INFO  no build target found for C:\Users\vince\Desktop\POSTECH\cs434\Functional Programming Principles in Scala\assignments\recfun\project\Settings.scala. Using presentation compiler with project's scala-library version: 3.3.6
2025.09.04 19:28:38 INFO  no build target found for C:\Users\vince\Desktop\POSTECH\cs434\Functional Programming Principles in Scala\assignments\recfun\project\Settings.scala. Using presentation compiler with project's scala-library version: 3.3.6
2025.09.04 19:28:38 INFO  no build target found for C:\Users\vince\Desktop\POSTECH\cs434\Functional Programming Principles in Scala\assignments\recfun\project\Settings.scala. Using presentation compiler with project's scala-library version: 3.3.6
2025.09.04 19:28:41 INFO  no build target found for C:\Users\vince\Desktop\POSTECH\cs434\Functional Programming Principles in Scala\assignments\recfun\project\Settings.scala. Using presentation compiler with project's scala-library version: 3.3.6
2025.09.04 19:28:41 INFO  no build target found for C:\Users\vince\Desktop\POSTECH\cs434\Functional Programming Principles in Scala\assignments\recfun\project\Settings.scala. Using presentation compiler with project's scala-library version: 3.3.6
2025.09.04 19:28:41 INFO  no build target found for C:\Users\vince\Desktop\POSTECH\cs434\Functional Programming Principles in Scala\assignments\recfun\project\Settings.scala. Using presentation compiler with project's scala-library version: 3.3.6
2025.09.04 19:28:41 INFO  no build target found for C:\Users\vince\Desktop\POSTECH\cs434\Functional Programming Principles in Scala\assignments\recfun\project\Settings.scala. Using presentation compiler with project's scala-library version: 3.3.6
2025.09.04 19:28:41 INFO  no build target found for C:\Users\vince\Desktop\POSTECH\cs434\Functional Programming Principles in Scala\assignments\recfun\project\Settings.scala. Using presentation compiler with project's scala-library version: 3.3.6
2025.09.04 19:28:41 INFO  no build target found for C:\Users\vince\Desktop\POSTECH\cs434\Functional Programming Principles in Scala\assignments\recfun\project\Settings.scala. Using presentation compiler with project's scala-library version: 3.3.6
2025.09.04 19:28:41 INFO  no build target found for C:\Users\vince\Desktop\POSTECH\cs434\Functional Programming Principles in Scala\assignments\recfun\project\Settings.scala. Using presentation compiler with project's scala-library version: 3.3.6
2025.09.04 19:28:41 INFO  no build target found for C:\Users\vince\Desktop\POSTECH\cs434\Functional Programming Principles in Scala\assignments\recfun\project\Settings.scala. Using presentation compiler with project's scala-library version: 3.3.6
2025.09.04 19:28:41 INFO  no build target found for C:\Users\vince\Desktop\POSTECH\cs434\Functional Programming Principles in Scala\assignments\recfun\project\Settings.scala. Using presentation compiler with project's scala-library version: 3.3.6
2025.09.04 19:29:13 INFO  no build target found for C:\Users\vince\Desktop\POSTECH\cs434\Functional Programming Principles in Scala\assignments\recfun\project\Settings.scala. Using presentation compiler with project's scala-library version: 3.3.6
2025.09.04 19:29:13 INFO  no build target found for C:\Users\vince\Desktop\POSTECH\cs434\Functional Programming Principles in Scala\assignments\recfun\project\Settings.scala. Using presentation compiler with project's scala-library version: 3.3.6
2025.09.04 19:29:22 INFO  no build target found for C:\Users\vince\Desktop\POSTECH\cs434\Functional Programming Principles in Scala\assignments\recfun\project\Settings.scala. Using presentation compiler with project's scala-library version: 3.3.6
2025.09.04 19:29:22 INFO  no build target found for C:\Users\vince\Desktop\POSTECH\cs434\Functional Programming Principles in Scala\assignments\recfun\project\Settings.scala. Using presentation compiler with project's scala-library version: 3.3.6
2025.09.04 19:29:22 INFO  no build target found for C:\Users\vince\Desktop\POSTECH\cs434\Functional Programming Principles in Scala\assignments\recfun\project\Settings.scala. Using presentation compiler with project's scala-library version: 3.3.6
2025.09.04 19:29:23 INFO  no build target found for C:\Users\vince\Desktop\POSTECH\cs434\Functional Programming Principles in Scala\assignments\recfun\project\Settings.scala. Using presentation compiler with project's scala-library version: 3.3.6
2025.09.04 19:29:23 INFO  no build target found for C:\Users\vince\Desktop\POSTECH\cs434\Functional Programming Principles in Scala\assignments\recfun\project\Settings.scala. Using presentation compiler with project's scala-library version: 3.3.6
2025.09.04 19:29:23 INFO  no build target found for C:\Users\vince\Desktop\POSTECH\cs434\Functional Programming Principles in Scala\assignments\recfun\project\Settings.scala. Using presentation compiler with project's scala-library version: 3.3.6
2025.09.04 19:29:23 INFO  no build target found for C:\Users\vince\Desktop\POSTECH\cs434\Functional Programming Principles in Scala\assignments\recfun\project\Settings.scala. Using presentation compiler with project's scala-library version: 3.3.6
2025.09.04 19:29:23 INFO  no build target found for C:\Users\vince\Desktop\POSTECH\cs434\Functional Programming Principles in Scala\assignments\recfun\project\Settings.scala. Using presentation compiler with project's scala-library version: 3.3.6
2025.09.04 19:29:23 INFO  no build target found for C:\Users\vince\Desktop\POSTECH\cs434\Functional Programming Principles in Scala\assignments\recfun\project\Settings.scala. Using presentation compiler with project's scala-library version: 3.3.6
2025.09.04 19:29:24 INFO  no build target found for C:\Users\vince\Desktop\POSTECH\cs434\Functional Programming Principles in Scala\assignments\recfun\project\Settings.scala. Using presentation compiler with project's scala-library version: 3.3.6
2025.09.04 19:29:24 INFO  no build target found for C:\Users\vince\Desktop\POSTECH\cs434\Functional Programming Principles in Scala\assignments\recfun\project\Settings.scala. Using presentation compiler with project's scala-library version: 3.3.6
2025.09.04 19:29:25 INFO  no build target found for C:\Users\vince\Desktop\POSTECH\cs434\Functional Programming Principles in Scala\assignments\recfun\project\Settings.scala. Using presentation compiler with project's scala-library version: 3.3.6
2025.09.04 19:29:25 INFO  no build target found for C:\Users\vince\Desktop\POSTECH\cs434\Functional Programming Principles in Scala\assignments\recfun\project\Settings.scala. Using presentation compiler with project's scala-library version: 3.3.6
2025.09.04 19:29:25 INFO  no build target found for C:\Users\vince\Desktop\POSTECH\cs434\Functional Programming Principles in Scala\assignments\recfun\project\Settings.scala. Using presentation compiler with project's scala-library version: 3.3.6
2025.09.04 19:29:25 INFO  no build target found for C:\Users\vince\Desktop\POSTECH\cs434\Functional Programming Principles in Scala\assignments\recfun\project\Settings.scala. Using presentation compiler with project's scala-library version: 3.3.6
2025.09.04 19:29:25 INFO  no build target found for C:\Users\vince\Desktop\POSTECH\cs434\Functional Programming Principles in Scala\assignments\recfun\project\Settings.scala. Using presentation compiler with project's scala-library version: 3.3.6
2025.09.04 19:29:25 INFO  no build target found for C:\Users\vince\Desktop\POSTECH\cs434\Functional Programming Principles in Scala\assignments\recfun\project\Settings.scala. Using presentation compiler with project's scala-library version: 3.3.6
2025.09.04 19:29:25 INFO  no build target found for C:\Users\vince\Desktop\POSTECH\cs434\Functional Programming Principles in Scala\assignments\recfun\project\Settings.scala. Using presentation compiler with project's scala-library version: 3.3.6
2025.09.04 19:29:25 INFO  no build target found for C:\Users\vince\Desktop\POSTECH\cs434\Functional Programming Principles in Scala\assignments\recfun\project\Settings.scala. Using presentation compiler with project's scala-library version: 3.3.6
2025.09.04 19:29:25 INFO  no build target found for C:\Users\vince\Desktop\POSTECH\cs434\Functional Programming Principles in Scala\assignments\recfun\project\Settings.scala. Using presentation compiler with project's scala-library version: 3.3.6
2025.09.04 19:29:25 INFO  no build target found for C:\Users\vince\Desktop\POSTECH\cs434\Functional Programming Principles in Scala\assignments\recfun\project\Settings.scala. Using presentation compiler with project's scala-library version: 3.3.6
2025.09.04 19:29:25 INFO  no build target found for C:\Users\vince\Desktop\POSTECH\cs434\Functional Programming Principles in Scala\assignments\recfun\project\Settings.scala. Using presentation compiler with project's scala-library version: 3.3.6
2025.09.04 19:29:25 INFO  no build target found for C:\Users\vince\Desktop\POSTECH\cs434\Functional Programming Principles in Scala\assignments\recfun\project\Settings.scala. Using presentation compiler with project's scala-library version: 3.3.6
2025.09.04 19:29:28 INFO  no build target found for C:\Users\vince\Desktop\POSTECH\cs434\Functional Programming Principles in Scala\assignments\recfun\project\Settings.scala. Using presentation compiler with project's scala-library version: 3.3.6
2025.09.04 19:29:59 INFO  no build target found for C:\Users\vince\Desktop\POSTECH\cs434\Functional Programming Principles in Scala\assignments\recfun\project\Settings.scala. Using presentation compiler with project's scala-library version: 3.3.6
2025.09.04 19:29:59 INFO  no build target found for C:\Users\vince\Desktop\POSTECH\cs434\Functional Programming Principles in Scala\assignments\recfun\project\Settings.scala. Using presentation compiler with project's scala-library version: 3.3.6
2025.09.04 19:29:59 INFO  no build target found for C:\Users\vince\Desktop\POSTECH\cs434\Functional Programming Principles in Scala\assignments\recfun\project\Settings.scala. Using presentation compiler with project's scala-library version: 3.3.6
2025.09.04 19:30:00 INFO  no build target found for C:\Users\vince\Desktop\POSTECH\cs434\Functional Programming Principles in Scala\assignments\recfun\project\Settings.scala. Using presentation compiler with project's scala-library version: 3.3.6
2025.09.04 19:30:00 INFO  no build target found for C:\Users\vince\Desktop\POSTECH\cs434\Functional Programming Principles in Scala\assignments\recfun\project\Settings.scala. Using presentation compiler with project's scala-library version: 3.3.6
2025.09.04 19:30:01 INFO  no build target found for C:\Users\vince\Desktop\POSTECH\cs434\Functional Programming Principles in Scala\assignments\recfun\project\Settings.scala. Using presentation compiler with project's scala-library version: 3.3.6
2025.09.04 19:30:01 INFO  no build target found for C:\Users\vince\Desktop\POSTECH\cs434\Functional Programming Principles in Scala\assignments\recfun\project\Settings.scala. Using presentation compiler with project's scala-library version: 3.3.6
2025.09.04 19:30:02 INFO  no build target found for C:\Users\vince\Desktop\POSTECH\cs434\Functional Programming Principles in Scala\assignments\recfun\project\Settings.scala. Using presentation compiler with project's scala-library version: 3.3.6
2025.09.04 19:30:01 INFO  no build target found for C:\Users\vince\Desktop\POSTECH\cs434\Functional Programming Principles in Scala\assignments\recfun\project\Settings.scala. Using presentation compiler with project's scala-library version: 3.3.6
2025.09.04 19:30:02 WARN  no build target for: C:\Users\vince\Desktop\POSTECH\cs434\Functional Programming Principles in Scala\assignments\recfun\project\Settings.scala
2025.09.04 19:30:02 INFO  no build target found for C:\Users\vince\Desktop\POSTECH\cs434\Functional Programming Principles in Scala\assignments\recfun\src\main\scala\recfun\Main.scala. Using presentation compiler with project's scala-library version: 3.3.6
2025.09.04 19:30:02 INFO  no build target found for C:\Users\vince\Desktop\POSTECH\cs434\Functional Programming Principles in Scala\assignments\recfun\project\Settings.scala. Using presentation compiler with project's scala-library version: 3.3.6
2025.09.04 19:30:02 INFO  no build target found for C:\Users\vince\Desktop\POSTECH\cs434\Functional Programming Principles in Scala\assignments\recfun\project\Settings.scala. Using presentation compiler with project's scala-library version: 3.3.6
2025.09.04 19:30:03 INFO  no build target found for C:\Users\vince\Desktop\POSTECH\cs434\Functional Programming Principles in Scala\assignments\recfun\project\Settings.scala. Using presentation compiler with project's scala-library version: 3.3.6
2025.09.04 19:30:03 INFO  no build target found for C:\Users\vince\Desktop\POSTECH\cs434\Functional Programming Principles in Scala\assignments\recfun\project\Settings.scala. Using presentation compiler with project's scala-library version: 3.3.6
2025.09.04 19:30:03 INFO  no build target found for C:\Users\vince\Desktop\POSTECH\cs434\Functional Programming Principles in Scala\assignments\recfun\project\Settings.scala. Using presentation compiler with project's scala-library version: 3.3.6
2025.09.04 19:30:03 INFO  no build target found for C:\Users\vince\Desktop\POSTECH\cs434\Functional Programming Principles in Scala\assignments\recfun\project\Settings.scala. Using presentation compiler with project's scala-library version: 3.3.6
2025.09.04 19:30:04 INFO  no build target found for C:\Users\vince\Desktop\POSTECH\cs434\Functional Programming Principles in Scala\assignments\recfun\project\Settings.scala. Using presentation compiler with project's scala-library version: 3.3.6
2025.09.04 19:30:04 INFO  no build target found for C:\Users\vince\Desktop\POSTECH\cs434\Functional Programming Principles in Scala\assignments\recfun\project\Settings.scala. Using presentation compiler with project's scala-library version: 3.3.6
2025.09.04 19:30:04 INFO  no build target found for C:\Users\vince\Desktop\POSTECH\cs434\Functional Programming Principles in Scala\assignments\recfun\project\Settings.scala. Using presentation compiler with project's scala-library version: 3.3.6
2025.09.04 19:30:04 INFO  no build target found for C:\Users\vince\Desktop\POSTECH\cs434\Functional Programming Principles in Scala\assignments\recfun\project\Settings.scala. Using presentation compiler with project's scala-library version: 3.3.6
2025.09.04 19:30:04 INFO  no build target found for C:\Users\vince\Desktop\POSTECH\cs434\Functional Programming Principles in Scala\assignments\recfun\project\Settings.scala. Using presentation compiler with project's scala-library version: 3.3.6
2025.09.04 19:30:06 WARN  no build target for: C:\Users\vince\Desktop\POSTECH\cs434\Functional Programming Principles in Scala\assignments\recfun\project\Settings.scala
2025.09.04 19:30:06 INFO  no build target found for C:\Users\vince\Desktop\POSTECH\cs434\Functional Programming Principles in Scala\assignments\recfun\src\main\scala\recfun\Main.scala. Using presentation compiler with project's scala-library version: 3.3.6
2025.09.04 19:30:06 INFO  no build target found for C:\Users\vince\Desktop\POSTECH\cs434\Functional Programming Principles in Scala\assignments\recfun\project\Settings.scala. Using presentation compiler with project's scala-library version: 3.3.6
2025.09.04 19:30:20 INFO  no build target found for C:\Users\vince\Desktop\POSTECH\cs434\Functional Programming Principles in Scala\assignments\recfun\project\buildSettings.sbt. Using presentation compiler with project's scala-library version: 3.3.6
2025.09.04 19:30:20 WARN  no build target for: C:\Users\vince\Desktop\POSTECH\cs434\Functional Programming Principles in Scala\assignments\recfun\project\buildSettings.sbt
2025.09.04 19:30:20 INFO  no build target found for C:\Users\vince\Desktop\POSTECH\cs434\Functional Programming Principles in Scala\assignments\recfun\project\buildSettings.sbt. Using presentation compiler with project's scala-library version: 3.3.6
2025.09.04 19:30:20 INFO  no build target found for C:\Users\vince\Desktop\POSTECH\cs434\Functional Programming Principles in Scala\assignments\recfun\project\buildSettings.sbt. Using presentation compiler with project's scala-library version: 3.3.6
2025.09.04 19:30:20 INFO  no build target found for C:\Users\vince\Desktop\POSTECH\cs434\Functional Programming Principles in Scala\assignments\recfun\src\main\scala\recfun\Main.scala. Using presentation compiler with project's scala-library version: 3.3.6
2025.09.04 19:30:20 INFO  no build target found for C:\Users\vince\Desktop\POSTECH\cs434\Functional Programming Principles in Scala\assignments\recfun\project\buildSettings.sbt. Using presentation compiler with project's scala-library version: 3.3.6
2025.09.04 19:30:20 WARN  Could not find semantic tokens for: file:///C:/Users/vince/Desktop/POSTECH/cs434/Functional%20Programming%20Principles%20in%20Scala/assignments/recfun/project/buildSettings.sbt
2025.09.04 19:30:20 INFO  no build target found for C:\Users\vince\Desktop\POSTECH\cs434\Functional Programming Principles in Scala\assignments\recfun\project\buildSettings.sbt. Using presentation compiler with project's scala-library version: 3.3.6
2025.09.04 19:30:43 INFO  no build target found for C:\Users\vince\Desktop\POSTECH\cs434\Functional Programming Principles in Scala\assignments\recfun\project\buildSettings.sbt. Using presentation compiler with project's scala-library version: 3.3.6
2025.09.04 19:30:45 INFO  no build target found for C:\Users\vince\Desktop\POSTECH\cs434\Functional Programming Principles in Scala\assignments\recfun\project\buildSettings.sbt. Using presentation compiler with project's scala-library version: 3.3.6
2025.09.04 19:30:48 INFO  no build target found for C:\Users\vince\Desktop\POSTECH\cs434\Functional Programming Principles in Scala\assignments\recfun\project\buildSettings.sbt. Using presentation compiler with project's scala-library version: 3.3.6
2025.09.04 19:30:48 INFO  no build target found for C:\Users\vince\Desktop\POSTECH\cs434\Functional Programming Principles in Scala\assignments\recfun\project\buildSettings.sbt. Using presentation compiler with project's scala-library version: 3.3.6
2025.09.04 19:31:10 INFO  no build target found for C:\Users\vince\Desktop\POSTECH\cs434\Functional Programming Principles in Scala\assignments\recfun\project\buildSettings.sbt. Using presentation compiler with project's scala-library version: 3.3.6
2025.09.04 19:31:10 INFO  no build target found for C:\Users\vince\Desktop\POSTECH\cs434\Functional Programming Principles in Scala\assignments\recfun\project\buildSettings.sbt. Using presentation compiler with project's scala-library version: 3.3.6
2025.09.04 19:31:11 INFO  no build target found for C:\Users\vince\Desktop\POSTECH\cs434\Functional Programming Principles in Scala\assignments\recfun\project\buildSettings.sbt. Using presentation compiler with project's scala-library version: 3.3.6
2025.09.04 19:31:11 INFO  no build target found for C:\Users\vince\Desktop\POSTECH\cs434\Functional Programming Principles in Scala\assignments\recfun\project\buildSettings.sbt. Using presentation compiler with project's scala-library version: 3.3.6
2025.09.04 19:31:11 INFO  no build target found for C:\Users\vince\Desktop\POSTECH\cs434\Functional Programming Principles in Scala\assignments\recfun\project\buildSettings.sbt. Using presentation compiler with project's scala-library version: 3.3.6
2025.09.04 19:31:11 WARN  Could not find semantic tokens for: file:///C:/Users/vince/Desktop/POSTECH/cs434/Functional%20Programming%20Principles%20in%20Scala/assignments/recfun/project/buildSettings.sbt
2025.09.04 19:31:13 INFO  no build target found for C:\Users\vince\Desktop\POSTECH\cs434\Functional Programming Principles in Scala\assignments\recfun\project\buildSettings.sbt. Using presentation compiler with project's scala-library version: 3.3.6
2025.09.04 19:31:13 INFO  no build target found for C:\Users\vince\Desktop\POSTECH\cs434\Functional Programming Principles in Scala\assignments\recfun\project\buildSettings.sbt. Using presentation compiler with project's scala-library version: 3.3.6
2025.09.04 19:31:14 INFO  no build target found for C:\Users\vince\Desktop\POSTECH\cs434\Functional Programming Principles in Scala\assignments\recfun\project\buildSettings.sbt. Using presentation compiler with project's scala-library version: 3.3.6
2025.09.04 19:31:14 WARN  no build target for: C:\Users\vince\Desktop\POSTECH\cs434\Functional Programming Principles in Scala\assignments\recfun\project\buildSettings.sbt
2025.09.04 19:31:14 INFO  no build target found for C:\Users\vince\Desktop\POSTECH\cs434\Functional Programming Principles in Scala\assignments\recfun\src\main\scala\recfun\Main.scala. Using presentation compiler with project's scala-library version: 3.3.6
2025.09.04 19:31:14 INFO  no build target found for C:\Users\vince\Desktop\POSTECH\cs434\Functional Programming Principles in Scala\assignments\recfun\project\buildSettings.sbt. Using presentation compiler with project's scala-library version: 3.3.6
2025.09.04 19:31:14 WARN  Could not find semantic tokens for: file:///C:/Users/vince/Desktop/POSTECH/cs434/Functional%20Programming%20Principles%20in%20Scala/assignments/recfun/project/buildSettings.sbt
2025.09.04 19:31:46 INFO  no build target found for C:\Users\vince\Desktop\POSTECH\cs434\Functional Programming Principles in Scala\assignments\recfun\project\buildSettings.sbt. Using presentation compiler with project's scala-library version: 3.3.6
2025.09.04 19:31:46 INFO  no build target found for C:\Users\vince\Desktop\POSTECH\cs434\Functional Programming Principles in Scala\assignments\recfun\project\buildSettings.sbt. Using presentation compiler with project's scala-library version: 3.3.6
2025.09.04 19:31:46 INFO  no build target found for C:\Users\vince\Desktop\POSTECH\cs434\Functional Programming Principles in Scala\assignments\recfun\project\buildSettings.sbt. Using presentation compiler with project's scala-library version: 3.3.6
2025.09.04 19:31:56 INFO  no build target found for C:\Users\vince\Desktop\POSTECH\cs434\Functional Programming Principles in Scala\assignments\recfun\project\buildSettings.sbt. Using presentation compiler with project's scala-library version: 3.3.6
2025.09.04 19:32:04 INFO  no build target found for C:\Users\vince\Desktop\POSTECH\cs434\Functional Programming Principles in Scala\assignments\recfun\project\buildSettings.sbt. Using presentation compiler with project's scala-library version: 3.3.6
2025.09.04 19:32:04 INFO  no build target found for C:\Users\vince\Desktop\POSTECH\cs434\Functional Programming Principles in Scala\assignments\recfun\project\buildSettings.sbt. Using presentation compiler with project's scala-library version: 3.3.6
2025.09.04 19:32:06 INFO  no build target found for C:\Users\vince\Desktop\POSTECH\cs434\Functional Programming Principles in Scala\assignments\recfun\project\buildSettings.sbt. Using presentation compiler with project's scala-library version: 3.3.6
2025.09.04 19:32:06 INFO  no build target found for C:\Users\vince\Desktop\POSTECH\cs434\Functional Programming Principles in Scala\assignments\recfun\project\buildSettings.sbt. Using presentation compiler with project's scala-library version: 3.3.6
2025.09.04 19:32:06 INFO  no build target found for C:\Users\vince\Desktop\POSTECH\cs434\Functional Programming Principles in Scala\assignments\recfun\project\buildSettings.sbt. Using presentation compiler with project's scala-library version: 3.3.6
2025.09.04 19:32:09 INFO  no build target found for C:\Users\vince\Desktop\POSTECH\cs434\Functional Programming Principles in Scala\assignments\recfun\project\GradingFeedback.scala. Using presentation compiler with project's scala-library version: 3.3.6
2025.09.04 19:32:09 WARN  no build target for: C:\Users\vince\Desktop\POSTECH\cs434\Functional Programming Principles in Scala\assignments\recfun\project\GradingFeedback.scala
2025.09.04 19:32:09 INFO  no build target found for C:\Users\vince\Desktop\POSTECH\cs434\Functional Programming Principles in Scala\assignments\recfun\project\GradingFeedback.scala. Using presentation compiler with project's scala-library version: 3.3.6
2025.09.04 19:32:09 INFO  no build target found for C:\Users\vince\Desktop\POSTECH\cs434\Functional Programming Principles in Scala\assignments\recfun\project\GradingFeedback.scala. Using presentation compiler with project's scala-library version: 3.3.6
2025.09.04 19:32:09 INFO  no build target found for C:\Users\vince\Desktop\POSTECH\cs434\Functional Programming Principles in Scala\assignments\recfun\src\main\scala\recfun\Main.scala. Using presentation compiler with project's scala-library version: 3.3.6
2025.09.04 19:32:09 INFO  no build target found for C:\Users\vince\Desktop\POSTECH\cs434\Functional Programming Principles in Scala\assignments\recfun\project\GradingFeedback.scala. Using presentation compiler with project's scala-library version: 3.3.6
2025.09.04 19:32:09 INFO  no build target found for C:\Users\vince\Desktop\POSTECH\cs434\Functional Programming Principles in Scala\assignments\recfun\project\GradingFeedback.scala. Using presentation compiler with project's scala-library version: 3.3.6
2025.09.04 19:32:09 INFO  no build target found for C:\Users\vince\Desktop\POSTECH\cs434\Functional Programming Principles in Scala\assignments\recfun\project\GradingFeedback.scala. Using presentation compiler with project's scala-library version: 3.3.6
2025.09.04 19:32:13 INFO  no build target found for C:\Users\vince\Desktop\POSTECH\cs434\Functional Programming Principles in Scala\assignments\recfun\project\GradingFeedback.scala. Using presentation compiler with project's scala-library version: 3.3.6
2025.09.04 19:32:14 INFO  no build target found for C:\Users\vince\Desktop\POSTECH\cs434\Functional Programming Principles in Scala\assignments\recfun\project\ProgFunBuild.scala. Using presentation compiler with project's scala-library version: 3.3.6
2025.09.04 19:32:14 WARN  no build target for: C:\Users\vince\Desktop\POSTECH\cs434\Functional Programming Principles in Scala\assignments\recfun\project\ProgFunBuild.scala
2025.09.04 19:32:13 INFO  no build target found for C:\Users\vince\Desktop\POSTECH\cs434\Functional Programming Principles in Scala\assignments\recfun\project\ProgFunBuild.scala. Using presentation compiler with project's scala-library version: 3.3.6
2025.09.04 19:32:14 INFO  no build target found for C:\Users\vince\Desktop\POSTECH\cs434\Functional Programming Principles in Scala\assignments\recfun\project\ProgFunBuild.scala. Using presentation compiler with project's scala-library version: 3.3.6
2025.09.04 19:32:14 INFO  no build target found for C:\Users\vince\Desktop\POSTECH\cs434\Functional Programming Principles in Scala\assignments\recfun\src\main\scala\recfun\Main.scala. Using presentation compiler with project's scala-library version: 3.3.6
2025.09.04 19:32:13 INFO  no build target found for C:\Users\vince\Desktop\POSTECH\cs434\Functional Programming Principles in Scala\assignments\recfun\project\ProgFunBuild.scala. Using presentation compiler with project's scala-library version: 3.3.6
2025.09.04 19:32:14 INFO  no build target found for C:\Users\vince\Desktop\POSTECH\cs434\Functional Programming Principles in Scala\assignments\recfun\project\ProgFunBuild.scala. Using presentation compiler with project's scala-library version: 3.3.6
2025.09.04 19:32:14 INFO  no build target found for C:\Users\vince\Desktop\POSTECH\cs434\Functional Programming Principles in Scala\assignments\recfun\project\ProgFunBuild.scala. Using presentation compiler with project's scala-library version: 3.3.6
2025.09.04 19:32:18 WARN  no build target for: C:\Users\vince\Desktop\POSTECH\cs434\Functional Programming Principles in Scala\assignments\recfun\project\Settings.scala
2025.09.04 19:32:18 INFO  no build target found for C:\Users\vince\Desktop\POSTECH\cs434\Functional Programming Principles in Scala\assignments\recfun\project\Settings.scala. Using presentation compiler with project's scala-library version: 3.3.6
2025.09.04 19:32:18 INFO  no build target found for C:\Users\vince\Desktop\POSTECH\cs434\Functional Programming Principles in Scala\assignments\recfun\src\main\scala\recfun\Main.scala. Using presentation compiler with project's scala-library version: 3.3.6
2025.09.04 19:32:18 INFO  no build target found for C:\Users\vince\Desktop\POSTECH\cs434\Functional Programming Principles in Scala\assignments\recfun\project\Settings.scala. Using presentation compiler with project's scala-library version: 3.3.6
2025.09.04 19:32:18 INFO  no build target found for C:\Users\vince\Desktop\POSTECH\cs434\Functional Programming Principles in Scala\assignments\recfun\project\Settings.scala. Using presentation compiler with project's scala-library version: 3.3.6
2025.09.04 19:32:25 INFO  no build target found for C:\Users\vince\Desktop\POSTECH\cs434\Functional Programming Principles in Scala\assignments\recfun\project\Settings.scala. Using presentation compiler with project's scala-library version: 3.3.6
2025.09.04 19:32:27 INFO  no build target found for C:\Users\vince\Desktop\POSTECH\cs434\Functional Programming Principles in Scala\assignments\recfun\project\Settings.scala. Using presentation compiler with project's scala-library version: 3.3.6
2025.09.04 19:32:37 INFO  no build target found for C:\Users\vince\Desktop\POSTECH\cs434\Functional Programming Principles in Scala\assignments\recfun\project\Settings.scala. Using presentation compiler with project's scala-library version: 3.3.6
2025.09.04 19:32:48 INFO  no build target found for C:\Users\vince\Desktop\POSTECH\cs434\Functional Programming Principles in Scala\assignments\recfun\src\main\scala\recfun\Main.scala. Using presentation compiler with project's scala-library version: 3.3.6
2025.09.04 19:32:49 WARN  no build target for: C:\Users\vince\Desktop\POSTECH\cs434\Functional Programming Principles in Scala\assignments\recfun\src\main\scala\recfun\Main.scala
2025.09.04 19:32:49 INFO  no build target found for C:\Users\vince\Desktop\POSTECH\cs434\Functional Programming Principles in Scala\assignments\recfun\src\main\scala\recfun\Main.scala. Using presentation compiler with project's scala-library version: 3.3.6
2025.09.04 19:32:49 INFO  no build target found for C:\Users\vince\Desktop\POSTECH\cs434\Functional Programming Principles in Scala\assignments\recfun\project\Settings.scala. Using presentation compiler with project's scala-library version: 3.3.6
2025.09.04 19:44:41 INFO  no build target found for C:\Users\vince\Desktop\POSTECH\cs434\Functional Programming Principles in Scala\assignments\recfun\src\main\scala\recfun\Main.scala. Using presentation compiler with project's scala-library version: 3.3.6
2025.09.04 19:44:41 INFO  no build target found for C:\Users\vince\Desktop\POSTECH\cs434\Functional Programming Principles in Scala\assignments\recfun\src\main\scala\recfun\Main.scala. Using presentation compiler with project's scala-library version: 3.3.6
2025.09.04 19:44:44 INFO  no build target found for C:\Users\vince\Desktop\POSTECH\cs434\Functional Programming Principles in Scala\assignments\recfun\src\main\scala\recfun\Main.scala. Using presentation compiler with project's scala-library version: 3.3.6
2025.09.04 19:44:58 INFO  no build target found for C:\Users\vince\Desktop\POSTECH\cs434\Functional Programming Principles in Scala\assignments\recfun\src\main\scala\recfun\Main.scala. Using presentation compiler with project's scala-library version: 3.3.6
2025.09.04 19:44:58 INFO  no build target found for C:\Users\vince\Desktop\POSTECH\cs434\Functional Programming Principles in Scala\assignments\recfun\src\main\scala\recfun\Main.scala. Using presentation compiler with project's scala-library version: 3.3.6
2025.09.04 19:45:00 INFO  no build target found for C:\Users\vince\Desktop\POSTECH\cs434\Functional Programming Principles in Scala\assignments\recfun\src\main\scala\recfun\Main.scala. Using presentation compiler with project's scala-library version: 3.3.6
2025.09.04 19:45:14 INFO  no build target found for C:\Users\vince\Desktop\POSTECH\cs434\Functional Programming Principles in Scala\assignments\recfun\src\main\scala\recfun\Main.scala. Using presentation compiler with project's scala-library version: 3.3.6
2025.09.04 19:45:14 INFO  no build target found for C:\Users\vince\Desktop\POSTECH\cs434\Functional Programming Principles in Scala\assignments\recfun\src\main\scala\recfun\Main.scala. Using presentation compiler with project's scala-library version: 3.3.6
2025.09.04 19:45:16 INFO  no build target found for C:\Users\vince\Desktop\POSTECH\cs434\Functional Programming Principles in Scala\assignments\recfun\src\main\scala\recfun\Main.scala. Using presentation compiler with project's scala-library version: 3.3.6
2025.09.04 19:45:25 INFO  no build target found for C:\Users\vince\Desktop\POSTECH\cs434\Functional Programming Principles in Scala\assignments\recfun\src\main\scala\recfun\Main.scala. Using presentation compiler with project's scala-library version: 3.3.6
2025.09.04 19:45:26 INFO  no build target found for C:\Users\vince\Desktop\POSTECH\cs434\Functional Programming Principles in Scala\assignments\recfun\src\main\scala\recfun\Main.scala. Using presentation compiler with project's scala-library version: 3.3.6
2025.09.04 19:45:27 INFO  no build target found for C:\Users\vince\Desktop\POSTECH\cs434\Functional Programming Principles in Scala\assignments\recfun\src\main\scala\recfun\Main.scala. Using presentation compiler with project's scala-library version: 3.3.6
2025.09.04 19:45:47 INFO  no build target found for C:\Users\vince\Desktop\POSTECH\cs434\Functional Programming Principles in Scala\assignments\recfun\src\main\scala\recfun\Main.scala. Using presentation compiler with project's scala-library version: 3.3.6
2025.09.04 19:45:48 INFO  no build target found for C:\Users\vince\Desktop\POSTECH\cs434\Functional Programming Principles in Scala\assignments\recfun\src\main\scala\recfun\Main.scala. Using presentation compiler with project's scala-library version: 3.3.6
2025.09.04 19:45:48 INFO  no build target found for C:\Users\vince\Desktop\POSTECH\cs434\Functional Programming Principles in Scala\assignments\recfun\src\main\scala\recfun\Main.scala. Using presentation compiler with project's scala-library version: 3.3.6
2025.09.04 19:46:37 INFO  no build target found for C:\Users\vince\Desktop\POSTECH\cs434\Functional Programming Principles in Scala\assignments\recfun\src\main\scala\recfun\Main.scala. Using presentation compiler with project's scala-library version: 3.3.6
2025.09.04 19:46:37 INFO  no build target found for C:\Users\vince\Desktop\POSTECH\cs434\Functional Programming Principles in Scala\assignments\recfun\src\main\scala\recfun\Main.scala. Using presentation compiler with project's scala-library version: 3.3.6
2025.09.04 19:46:37 INFO  no build target found for C:\Users\vince\Desktop\POSTECH\cs434\Functional Programming Principles in Scala\assignments\recfun\src\main\scala\recfun\Main.scala. Using presentation compiler with project's scala-library version: 3.3.6
2025.09.04 19:46:47 INFO  no build target found for C:\Users\vince\Desktop\POSTECH\cs434\Functional Programming Principles in Scala\assignments\recfun\src\main\scala\recfun\Main.scala. Using presentation compiler with project's scala-library version: 3.3.6
2025.09.04 19:46:48 INFO  no build target found for C:\Users\vince\Desktop\POSTECH\cs434\Functional Programming Principles in Scala\assignments\recfun\src\main\scala\recfun\Main.scala. Using presentation compiler with project's scala-library version: 3.3.6
2025.09.04 19:46:48 INFO  no build target found for C:\Users\vince\Desktop\POSTECH\cs434\Functional Programming Principles in Scala\assignments\recfun\src\main\scala\recfun\Main.scala. Using presentation compiler with project's scala-library version: 3.3.6
2025.09.04 19:47:22 INFO  no build target found for C:\Users\vince\Desktop\POSTECH\cs434\Functional Programming Principles in Scala\assignments\recfun\src\main\scala\recfun\Main.scala. Using presentation compiler with project's scala-library version: 3.3.6
2025.09.04 19:47:22 INFO  no build target found for C:\Users\vince\Desktop\POSTECH\cs434\Functional Programming Principles in Scala\assignments\recfun\src\main\scala\recfun\Main.scala. Using presentation compiler with project's scala-library version: 3.3.6
2025.09.04 19:47:22 INFO  no build target found for C:\Users\vince\Desktop\POSTECH\cs434\Functional Programming Principles in Scala\assignments\recfun\src\main\scala\recfun\Main.scala. Using presentation compiler with project's scala-library version: 3.3.6
2025.09.04 19:47:22 INFO  no build target found for C:\Users\vince\Desktop\POSTECH\cs434\Functional Programming Principles in Scala\assignments\recfun\src\main\scala\recfun\Main.scala. Using presentation compiler with project's scala-library version: 3.3.6
2025.09.04 19:47:31 INFO  no build target found for C:\Users\vince\Desktop\POSTECH\cs434\Functional Programming Principles in Scala\assignments\recfun\src\main\scala\recfun\Main.scala. Using presentation compiler with project's scala-library version: 3.3.6
2025.09.04 19:47:31 INFO  no build target found for C:\Users\vince\Desktop\POSTECH\cs434\Functional Programming Principles in Scala\assignments\recfun\src\main\scala\recfun\Main.scala. Using presentation compiler with project's scala-library version: 3.3.6
2025.09.04 19:47:31 INFO  no build target found for C:\Users\vince\Desktop\POSTECH\cs434\Functional Programming Principles in Scala\assignments\recfun\src\main\scala\recfun\Main.scala. Using presentation compiler with project's scala-library version: 3.3.6
2025.09.04 19:47:32 INFO  no build target found for C:\Users\vince\Desktop\POSTECH\cs434\Functional Programming Principles in Scala\assignments\recfun\src\main\scala\recfun\Main.scala. Using presentation compiler with project's scala-library version: 3.3.6
2025.09.04 19:48:01 INFO  no build target found for C:\Users\vince\Desktop\POSTECH\cs434\Functional Programming Principles in Scala\assignments\recfun\src\main\scala\recfun\Main.scala. Using presentation compiler with project's scala-library version: 3.3.6
2025.09.04 19:48:01 INFO  no build target found for C:\Users\vince\Desktop\POSTECH\cs434\Functional Programming Principles in Scala\assignments\recfun\src\main\scala\recfun\Main.scala. Using presentation compiler with project's scala-library version: 3.3.6
2025.09.04 19:48:01 INFO  no build target found for C:\Users\vince\Desktop\POSTECH\cs434\Functional Programming Principles in Scala\assignments\recfun\src\main\scala\recfun\Main.scala. Using presentation compiler with project's scala-library version: 3.3.6
2025.09.04 19:48:02 INFO  no build target found for C:\Users\vince\Desktop\POSTECH\cs434\Functional Programming Principles in Scala\assignments\recfun\src\main\scala\recfun\Main.scala. Using presentation compiler with project's scala-library version: 3.3.6
2025.09.04 19:48:47 INFO  no build target found for C:\Users\vince\Desktop\POSTECH\cs434\Functional Programming Principles in Scala\assignments\recfun\src\main\scala\recfun\Main.scala. Using presentation compiler with project's scala-library version: 3.3.6
2025.09.04 19:48:47 INFO  no build target found for C:\Users\vince\Desktop\POSTECH\cs434\Functional Programming Principles in Scala\assignments\recfun\src\main\scala\recfun\Main.scala. Using presentation compiler with project's scala-library version: 3.3.6
2025.09.04 19:48:47 INFO  no build target found for C:\Users\vince\Desktop\POSTECH\cs434\Functional Programming Principles in Scala\assignments\recfun\src\main\scala\recfun\Main.scala. Using presentation compiler with project's scala-library version: 3.3.6
2025.09.04 19:49:17 INFO  no build target found for C:\Users\vince\Desktop\POSTECH\cs434\Functional Programming Principles in Scala\assignments\recfun\src\main\scala\recfun\Main.scala. Using presentation compiler with project's scala-library version: 3.3.6
2025.09.04 19:49:17 INFO  no build target found for C:\Users\vince\Desktop\POSTECH\cs434\Functional Programming Principles in Scala\assignments\recfun\src\main\scala\recfun\Main.scala. Using presentation compiler with project's scala-library version: 3.3.6
2025.09.04 19:49:18 INFO  no build target found for C:\Users\vince\Desktop\POSTECH\cs434\Functional Programming Principles in Scala\assignments\recfun\src\main\scala\recfun\Main.scala. Using presentation compiler with project's scala-library version: 3.3.6
2025.09.04 19:49:17 INFO  no build target found for C:\Users\vince\Desktop\POSTECH\cs434\Functional Programming Principles in Scala\assignments\recfun\src\main\scala\recfun\Main.scala. Using presentation compiler with project's scala-library version: 3.3.6
2025.09.04 19:49:26 WARN  no build target for: C:\Users\vince\Desktop\POSTECH\cs434\Functional Programming Principles in Scala\assignments\recfun\project\Settings.scala
2025.09.04 19:49:26 INFO  no build target found for C:\Users\vince\Desktop\POSTECH\cs434\Functional Programming Principles in Scala\assignments\recfun\src\main\scala\recfun\Main.scala. Using presentation compiler with project's scala-library version: 3.3.6
2025.09.04 19:49:26 INFO  no build target found for C:\Users\vince\Desktop\POSTECH\cs434\Functional Programming Principles in Scala\assignments\recfun\project\Settings.scala. Using presentation compiler with project's scala-library version: 3.3.6
2025.09.04 19:49:27 INFO  Shutting down server
2025.09.04 19:49:27 INFO  shutting down Metals
2025.09.04 19:49:27 INFO  Exiting server
